
cx: 0 -> Some("mod buffer;")
ll: 11 vx: 0, vw: 113
cx: 1 -> Some("mod editor;")
cx: 1 -> Some("mod editor;")
ll: 11 vx: 1, vw: 113
cx: 2 -> Some("mod logger;")
cx: 2 -> Some("mod logger;")
ll: 11 vx: 2, vw: 113
cx: 3 -> Some("")
cx: 3 -> Some("")
cx: 0 -> Some("mod buffer;")
ll: 11 vx: 0, vw: 113
cx: 1 -> Some("mod editor;")
cx: 1 -> Some("mod editor;")
ll: 11 vx: 1, vw: 113
cx: 2 -> Some("mod logger;")
cx: 0 -> 0
ll: 11 vx: 0, vw: 113
cx: 1 -> 0
cx: 1 -> 0
ll: 11 vx: 1, vw: 113
cx: 2 -> 0
cx: 2 -> 0
ll: 11 vx: 2, vw: 113
cx: 3 -> 0
cx: 3 -> 0
cx: 0 -> 0
ll: 11 vx: 0, vw: 113
cx: 1 -> 0
cx: 1 -> 0
ll: 11 vx: 1, vw: 113
cx: 2 -> 0
cx: 2 -> 0
ll: 11 vx: 2, vw: 113
cx: 3 -> 0
cx: 3 -> 0
cx: 0 -> 0
ll: 11 vx: 0, vw: 113
cx: 1 -> 0
cx: 1 -> 0
ll: 11 vx: 1, vw: 113
cx: 2 -> 0
cx: 2 -> 0
ll: 11 vx: 2, vw: 113
cx: 3 -> 0
cx: 3 -> 0
cx: 0 -> 0
ll: 11 vx: 0, vw: 113
cx: 1 -> 0
cx: 1 -> 0
ll: 11 vx: 1, vw: 113
cx: 2 -> 0
cx: 2 -> 0
ll: 11 vx: 2, vw: 113
cx: 3 -> 0
cx: 3 -> 0
ll: 11 vx: 3, vw: 113
cx: 4 -> 0
cx: 4 -> 0
ll: 11 vx: 4, vw: 113
cx: 5 -> 0
cx: 5 -> 0
ll: 11 vx: 5, vw: 113
cx: 6 -> 0
cx: 6 -> 0
ll: 11 vx: 6, vw: 113
cx: 7 -> 0
cx: 7 -> 0
ll: 11 vx: 7, vw: 113
cx: 8 -> 0
cx: 8 -> 0
ll: 11 vx: 8, vw: 113
cx: 9 -> 0
cx: 9 -> 0
ll: 11 vx: 9, vw: 113
cx: 10 -> 0
cx: 10 -> 0
ll: 11 vx: 10, vw: 113
cx: 11 -> 0
cx: 11 -> 0
cx: 11 -> 0
ll: 11 vx: 11, vw: 113
cx: 12 -> 0
cx: 12 -> 0
cx: 11 -> 0
ll: 11 vx: 11, vw: 113
cx: 12 -> 0
cx: 12 -> 0
cx: 11 -> 0
ll: 11 vx: 11, vw: 113
cx: 12 -> 0
cx: 12 -> 0
cx: 11 -> 0
ll: 11 vx: 11, vw: 113
cx: 12 -> 0
cx: 12 -> 0
cx: 11 -> 0
ll: 11 vx: 11, vw: 113
cx: 12 -> 0
cx: 12 -> 0
cx: 0 -> 0
ll: 11 vx: 0, vw: 113
cx: 1 -> 0
cx: 1 -> 0
ll: 11 vx: 1, vw: 113
cx: 2 -> 0
cx: 2 -> 0
ll: 11 vx: 2, vw: 113
cx: 3 -> 0
cx: 3 -> 0
ll: 11 vx: 3, vw: 113
cx: 4 -> 0
cx: 4 -> 0
ll: 11 vx: 4, vw: 113
cx: 5 -> 0
cx: 5 -> 0
ll: 11 vx: 5, vw: 113
cx: 6 -> 0
cx: 6 -> 0
ll: 11 vx: 6, vw: 113
cx: 7 -> 0
cx: 7 -> 0
ll: 11 vx: 7, vw: 113
cx: 8 -> 0
cx: 8 -> 0
ll: 11 vx: 8, vw: 113
cx: 9 -> 0
cx: 9 -> 0
ll: 11 vx: 9, vw: 113
cx: 10 -> 0
cx: 10 -> 0
ll: 11 vx: 10, vw: 113
cx: 11 -> 0
cx: 11 -> 0
cx: 11 -> 0
ll: 11 vx: 11, vw: 113
cx: 12 -> 0
cx: 12 -> 0
cx: 11 -> 0
ll: 11 vx: 11, vw: 113
cx: 12 -> 0
cx: 12 -> 0
cx: 11 -> 0
ll: 11 vx: 11, vw: 113
cx: 12 -> 0
cx: 12 -> 0
cx: 11 -> 0
ll: 11 vx: 11, vw: 113
cx: 12 -> 0
cx: 12 -> 0
cx: 11 -> 0
ll: 11 vx: 11, vw: 113
cx: 12 -> 0
cx: 12 -> 0
cx: 7 -> 0
ll: 11 vx: 7, vw: 113
cx: 8 -> 0
cx: 8 -> 0
ll: 11 vx: 8, vw: 113
cx: 9 -> 0
cx: 9 -> 0
ll: 11 vx: 9, vw: 113
cx: 10 -> 0
cx: 10 -> 0
ll: 11 vx: 10, vw: 113
cx: 11 -> 0
cx: 11 -> 0
cx: 11 -> 0
ll: 11 vx: 11, vw: 113
cx: 12 -> 0
cx: 12 -> 0
cx: 11 -> 0
ll: 11 vx: 11, vw: 113
cx: 12 -> 0
cx: 12 -> 0
cx: 11 -> 0
ll: 11 vx: 11, vw: 113
cx: 12 -> 0
cx: 12 -> 0
cx: 11 -> 0
ll: 11 vx: 11, vw: 113
cx: 12 -> 0
cx: 12 -> 0
cx: 1 -> 0
ll: 11 vx: 1, vw: 113
cx: 2 -> 0
cx: 2 -> 0
ll: 11 vx: 2, vw: 113
cx: 3 -> 0
cx: 3 -> 0
ll: 11 vx: 3, vw: 113
cx: 4 -> 0
cx: 4 -> 0
ll: 11 vx: 4, vw: 113
cx: 5 -> 0
cx: 5 -> 0
ll: 11 vx: 5, vw: 113
cx: 6 -> 0
cx: 6 -> 0
ll: 11 vx: 6, vw: 113
cx: 7 -> 0
cx: 7 -> 0
ll: 11 vx: 7, vw: 113
cx: 8 -> 0
cx: 8 -> 0
ll: 11 vx: 8, vw: 113
cx: 9 -> 0
cx: 9 -> 0
ll: 11 vx: 9, vw: 113
cx: 10 -> 0
cx: 10 -> 0
ll: 11 vx: 10, vw: 113
cx: 11 -> 0
cx: 11 -> 0
cx: 11 -> 0
ll: 11 vx: 11, vw: 113
cx: 12 -> 0
cx: 12 -> 0
cx: 0 -> 0
ll: 11 vx: 0, vw: 113
cx: 1 -> 0
cx: 1 -> 0
ll: 11 vx: 1, vw: 113
cx: 2 -> 0
cx: 2 -> 0
ll: 11 vx: 2, vw: 113
cx: 3 -> 0
cx: 3 -> 0
ll: 11 vx: 3, vw: 113
cx: 4 -> 0
cx: 4 -> 0
ll: 11 vx: 4, vw: 113
cx: 5 -> 0
cx: 5 -> 0
ll: 11 vx: 5, vw: 113
cx: 6 -> 0
cx: 6 -> 0
ll: 11 vx: 6, vw: 113
cx: 7 -> 0
cx: 7 -> 0
ll: 11 vx: 7, vw: 113
cx: 8 -> 0
cx: 8 -> 0
ll: 11 vx: 8, vw: 113
cx: 9 -> 0
cx: 9 -> 0
ll: 11 vx: 9, vw: 113
cx: 10 -> 0
cx: 10 -> 0
ll: 11 vx: 10, vw: 113
cx: 11 -> 0
cx: 11 -> 0
cx: 11 -> 0
ll: 11 vx: 11, vw: 113
cx: 12 -> 0
cx: 12 -> 0
cx: 11 -> 0
ll: 11 vx: 11, vw: 113
cx: 12 -> 0
cx: 12 -> 0
cx: 11 -> 0
ll: 11 vx: 11, vw: 113
cx: 12 -> 0
cx: 12 -> 0
cx: 11 -> 0
ll: 11 vx: 11, vw: 113
cx: 12 -> 0
cx: 12 -> 0
cx: 11 -> 0
ll: 11 vx: 11, vw: 113
cx: 12 -> 0
cx: 12 -> 0
cx: 1 -> 0
cx: 2 -> 0
cx: 3 -> 0
cx: 4 -> 0
cx: 5 -> 0
cx: 6 -> 0
cx: 7 -> 0
cx: 8 -> 0
cx: 9 -> 0
cx: 10 -> 0
cx: 11 -> 0
cx: 11 -> 0
cx: 11 -> 0
cx: 11 -> 0
cx: 11 -> 0
cx: 11 -> 0
cx: 11 -> 0
cx: 11 -> 0
cx: 11 -> 0
cx: 11 -> 0
cx: 8 -> 0
cx: 9 -> 0
cx: 10 -> 0
cx: 11 -> 0
cx: 11 -> 0
cx: 11 -> 0
cx: 11 -> 0
cx: 11 -> 0
cx: 11 -> 0
cx: 11 -> 0
cx: 11 -> 0
cx: 11 -> 0
cx: 11 -> 0
cx: 11 -> 0
cx: 11 -> 0
cx: 11 -> 0
cx: 11 -> 0
cx: 11 -> 0
cx: 11 -> 0
cx: 11 -> 0
cx: 11 -> 0
cx: 11 -> 0
cx: 11 -> 0
cx: 11 -> 0
cx: 11 -> 0
cx: 11 -> 0
cx: 11 -> 0
cx: 9 -> 0
cx: 9 -> 0
cx: 10 -> 0
cx: 11 -> 0
cx: 11 -> 0
cx: 11 -> 0
cx: 11 -> 0
cx: 9 -> 0
cx: 10 -> 0
cx: 11 -> 0
cx: 11 -> 0
cx: 11 -> 0
cx: 11 -> 0
cx: 11 -> 0
cx: 11 -> 0
cx: 10 -> 0
cx: 10 -> 0
cx: 10 -> 0
cx: 10 -> 0
cx: 11 -> 0
cx: 11 -> 0
cx: 1 -> 0
cx: 2 -> 0
cx: 3 -> 0
cx: 4 -> 0
cx: 5 -> 0
cx: 6 -> 0
cx: 7 -> 0
cx: 8 -> 0
cx: 9 -> 0
cx: 10 -> 0
cx: 11 -> 0
cx: 11 -> 0
cx: 11 -> 0
cx: 11 -> 0
cx: 11 -> 0
cx: 11 -> 0
cx: 11 -> 0
cx: 11 -> 0
cx: 11 -> 0
cx: 11 -> 0
cx: 11 -> 0
cx: 11 -> 0
cx: 11 -> 0
cx: 11 -> 0
cx: 11 -> 0
cx: 11 -> 0
cx: 11 -> 0
cx: 11 -> 0
cx: 11 -> 0
cx: 11 -> 0
cx: 11 -> 0
cx: 11 -> 0
cx: 11 -> 0
cx: 11 -> 0
cx: 11 -> 0
cx: 11 -> 0
cx: 11 -> 0
cx: 11 -> 0
cx: 0 -> 0
cx: 0 -> 0
cx: 0 -> 0
cx: 1 -> 0
cx: 2 -> 0
cx: 3 -> 0
cx: 4 -> 0
cx: 5 -> 0
cx: 6 -> 0
cx: 7 -> 0
cx: 8 -> 0
cx: 9 -> 0
cx: 10 -> 0
cx: 11 -> 0
cx: 11 -> 0
cx: 11 -> 0
cx: 11 -> 0
cx: 11 -> 0
cx: 11 -> 0
cx: 11 -> 0
cx: 11 -> 0
cx: 11 -> 0
cx: 11 -> 0
cx: 11 -> 0
cx: 11 -> 0
cx: 10 -> 0
cx: 0 -> 0
cx: 0 -> 0
cx: 0 -> 0
cx: 0 -> 0
cx: 1 -> 0
cx: 0 -> 0
cx: 1 -> 0
cx: 2 -> 0
cx: 3 -> 0
cx: 4 -> 0
cx: 5 -> 0
cx: 6 -> 0
cx: 7 -> 0
cx: 8 -> 0
cx: 9 -> 0
cx: 10 -> 0
cx: 11 -> 0
cx: 11 -> 0
cx: 11 -> 0
cx: 11 -> 0
cx: 11 -> 0
cx: 11 -> 0
cx: 10 -> 0
cx: 0 -> 0
cx: 1 -> 0
cx: 2 -> 0
cx: 3 -> 0
cx: 4 -> 0
cx: 5 -> 0
cx: 6 -> 0
cx: 7 -> 0
cx: 8 -> 0
cx: 9 -> 0
cx: 10 -> 0
cx: 11 -> 0
cx: 12 -> 0
cx: 13 -> 0
cx: 14 -> 0
cx: 15 -> 0
cx: 16 -> 0
cx: 17 -> 0
cx: 18 -> 0
cx: 19 -> 0
cx: 19 -> 0
cx: 19 -> 0
cx: 19 -> 0
cx: 19 -> 0
cx: 19 -> 0
cx: 19 -> 0
cx: 19 -> 0
cx: 18 -> 0
cx: 18 -> 0
cx: 18 -> 0
cx: 18 -> 0
cx: 18 -> 0
cx: 18 -> 0
cx: 18 -> 0
cx: 18 -> 0
cx: 0 -> 0
cx: 1 -> 0
cx: 2 -> 0
cx: 3 -> 0
cx: 4 -> 0
cx: 5 -> 0
cx: 6 -> 0
cx: 7 -> 0
cx: 8 -> 0
cx: 9 -> 0
cx: 9 -> 0
cx: 0 -> 0
cx: 0 -> 0
cx: 0 -> 0
cx: 0 -> 0
cx: 0 -> 0
cx: 0 -> 0
cx: 0 -> 0
cx: 0 -> 0
cx: 0 -> 0
cx: 0 -> 0
cx: 0 -> 0
cx: 0 -> 0
cx: 0 -> 0
cx: 0 -> 0
cx: 0 -> 0
cx: 0 -> 0
cx: 0 -> 0
cx: 0 -> 0
cx: 0 -> 0
cx: 0 -> 0
cx: 0 -> 0
cx: 0 -> 0
cx: 1 -> 0
cx: 1 -> 0
cx: 1 -> 0
cx: 0 -> 0
cx: 0 -> 0
cx: 0 -> 0
cx: 0 -> 0
cx: 0 -> 0
cx: 0 -> 0
cx: 0 -> 0
cx: 0 -> 0
cx: 0 -> 0
cx: 0 -> 0
cx: 0 -> 0
cx: 0 -> 0
cx: 0 -> 0
cx: 0 -> 0
cx: 0 -> 0
cx: 0 -> 0
cx: 0 -> 0
cx: 0 -> 0
cx: 0 -> 0
cx: 0 -> 0
cx: 0 -> 0
cx: 0 -> 0
cx: 0 -> 0
cx: 0 -> 0
cx: 0 -> 0
cx: 0 -> 0
cx: 0 -> 0
cx: 0 -> 0
cx: 0 -> 0
cx: 0 -> 0
cx: 0 -> 0
cx: 0 -> 0
cx: 0 -> 0
cx: 0 -> 0
cx: 0 -> 0
cx: 0 -> 0
cx: 0 -> 0
cx: 0 -> 0
cx: 0 -> 0
cx: 0 -> 0
cx: 0 -> 0
cx: 0 -> 0
cx: 0 -> 0
cx: 0 -> 1
cx: 0 -> 2
cx: 0 -> 3
cx: 0 -> 4
cx: 0 -> 5
cx: 0 -> 6
cx: 0 -> 7
cx: 0 -> 8
cx: 0 -> 8
cx: 0 -> 8
cx: 0 -> 8
cx: 0 -> 8
cx: 0 -> 8
cx: 0 -> 8
cx: 0 -> 8
cx: 0 -> 8
cx: 0 -> 8
cx: 0 -> 8
cx: 0 -> 8
cx: 0 -> 8
cx: 0 -> 8
cx: 0 -> 8
cx: 0 -> 8
cx: 0 -> 8
cx: 0 -> 9
cx: 0 -> 9
cx: 0 -> 9
cx: 0 -> 9
cx: 0 -> 9
cx: 0 -> 9
cx: 0 -> 9
cx: 0 -> 9
cx: 0 -> 9
cx: 0 -> 9
cx: 0 -> 9
cx: 0 -> 9
cx: 0 -> 9
cx: 0 -> 9
cx: 0 -> 9
cx: 0 -> 9
cx: 0 -> 9
cx: 0 -> 9
cx: 0 -> 9
cx: 0 -> 9
cx: 0 -> 9
cx: 0 -> 9
cx: 0 -> 9
cx: 0 -> 9
cx: 0 -> 9
cx: 0 -> 9
cx: 0 -> 9
cx: 0 -> 9
cx: 0 -> 9
cx: 0 -> 9
cx: 0 -> 9
cx: 0 -> 9
cx: 0 -> 9
cx: 0 -> 9
cx: 0 -> 9
cx: 0 -> 9
cx: 0 -> 9
cx: 0 -> 9
cx: 0 -> 9
cx: 0 -> 9
cx: 0 -> 9
cx: 0 -> 9
cx: 0 -> 9
cx: 0 -> 9
cx: 0 -> 9
cx: 0 -> 0
cx: 0 -> 0
cx: 0 -> 0
cx: 0 -> 0
cx: 0 -> 0
cx: 0 -> 0
cx: 0 -> 0
cx: 0 -> 0
cx: 0 -> 0
cx: 0 -> 0
cx: 0 -> 0
cx: 0 -> 0
cx: 0 -> 0
cx: 0 -> 0
cx: 0 -> 0
cx: 0 -> 0
cx: 0 -> 0
cx: 0 -> 0
cx: 0 -> 0
cx: 0 -> 0
cx: 0 -> 0
cx: 0 -> 0
cx: 0 -> 0
cx: 0 -> 0
cx: 0 -> 0
cx: 0 -> 0
cx: 0 -> 0
cx: 0 -> 0
cx: 0 -> 0
cx: 0 -> 0
cx: 0 -> 1
cx: 0 -> 2
cx: 0 -> 3
cx: 0 -> 4
cx: 0 -> 5
cx: 0 -> 6
cx: 0 -> 7
cx: 0 -> 8
cx: 0 -> 9
cx: 0 -> 10
cx: 0 -> 10
cx: 0 -> 10
cx: 0 -> 10
cx: 0 -> 10
cx: 0 -> 10
cx: 0 -> 10
cx: 0 -> 10
cx: 0 -> 0
cx: 0 -> 0
cx: 0 -> 0
cx: 0 -> 0
cx: 0 -> 0
cx: 0 -> 0
cx: 0 -> 0
cx: 0 -> 0
cx: 0 -> 0
cx: 0 -> 0
cx: 0 -> 0
cx: 0 -> 0
cx: 0 -> 0
cx: 0 -> 0
cx: 0 -> 0
cx: 0 -> 0
cx: 0 -> 0
cx: 0 -> 0
cx: 0 -> 0
cx: 0 -> 0
cx: 0 -> 0
cx: 0 -> 0
cx: 0 -> 0
cx: 0 -> 0
cx: 0 -> 0
cx: 0 -> 0
cx: 0 -> 0
cx: 0 -> 0
cx: 0 -> 0
cx: 0 -> 0
cx: 0 -> 1
cx: 0 -> 2
cx: 0 -> 3
cx: 0 -> 4
cx: 0 -> 5
cx: 0 -> 6
cx: 0 -> 7
cx: 0 -> 8
cx: 0 -> 9
cx: 0 -> 10
cx: 0 -> 11
cx: 0 -> 12
cx: 0 -> 12
cx: 0 -> 12
cx: 0 -> 12
cx: 0 -> 12
cx: 0 -> 12
cx: 0 -> 12
cx: 0 -> 12
cx: 0 -> 12
cx: 0 -> 12
cx: 0 -> 12
cx: 0 -> 12
cx: 0 -> 12
cx: 0 -> 12
cx: 0 -> 12
cx: 0 -> 12
cx: 0 -> 12
cx: 0 -> 12
cx: 0 -> 12
cx: 0 -> 12
cx: 0 -> 12
cx: 0 -> 12
cx: 0 -> 12
cx: 0 -> 12
cx: 0 -> 12
cx: 0 -> 12
cx: 0 -> 12
cx: 0 -> 12
cx: 0 -> 12
cx: 0 -> 12
cx: 0 -> 12
cx: 0 -> 12
cx: 0 -> 12
cx: 0 -> 12
cx: 0 -> 0
cx: 0 -> 0
cx: 0 -> 0
cx: 0 -> 0
cx: 0 -> 0
cx: 0 -> 0
cx: 0 -> 0
cx: 0 -> 0
cx: 0 -> 0
cx: 0 -> 0
cx: 0 -> 0
cx: 0 -> 0
cx: 0 -> 0
cx: 0 -> 0
cx: 0 -> 0
cx: 0 -> 0
cx: 0 -> 0
cx: 0 -> 0
cx: 0 -> 0
cx: 0 -> 0
cx: 0 -> 0
cx: 0 -> 0
cx: 0 -> 0
cx: 0 -> 0
cx: 0 -> 0
cx: 0 -> 0
cx: 0 -> 0
cx: 0 -> 0
cx: 0 -> 0
cx: 0 -> 0
cx: 0 -> 1
cx: 0 -> 2
cx: 0 -> 3
cx: 0 -> 4
cx: 0 -> 5
cx: 0 -> 6
cx: 0 -> 6
cx: 0 -> 6
cx: 0 -> 6
cx: 0 -> 6
cx: 0 -> 6
cx: 0 -> 0
cx: 0 -> 0
cx: 0 -> 0
cx: 0 -> 0
cx: 0 -> 0
cx: 0 -> 0
cx: 0 -> 0
cx: 0 -> 0
cx: 0 -> 0
cx: 0 -> 0
cx: 0 -> 0
cx: 0 -> 0
cx: 0 -> 0
cx: 0 -> 0
cx: 0 -> 0
cx: 0 -> 0
cx: 0 -> 0
cx: 0 -> 0
cx: 0 -> 0
cx: 0 -> 0
cx: 0 -> 0
cx: 0 -> 0
cx: 0 -> 0
cx: 0 -> 0
cx: 0 -> 0
cx: 0 -> 0
cx: 0 -> 0
cx: 0 -> 0
cx: 0 -> 0
cx: 0 -> 0
cx: 0 -> 0
cx: 0 -> 0
cx: 0 -> 0
cx: 0 -> 0
cx: 0 -> 0
cx: 0 -> 0
cx: 0 -> 0
cx: 0 -> 0
cx: 0 -> 0
cx: 0 -> 0
cx: 0 -> 0
cx: 0 -> 0
cx: 0 -> 0
cx: 0 -> 0
cx: 0 -> 0
cx: 0 -> 0
cx: 0 -> 0
cx: 0 -> 0
cx: 0 -> 0
cx: 0 -> 0
cx: 0 -> 0
cx: 0 -> 0
cx: 0 -> 0
cx: 0 -> 0
cx: 0 -> 0
cx: 0 -> 0
cx: 0 -> 1
cx: 0 -> 1
cx: 0 -> 1
cx: 0 -> 1
cx: 0 -> 1
cx: 0 -> 1
cx: 0 -> 1
cx: 0 -> 1
cx: 0 -> 2
cx: 0 -> 2
cx: 0 -> 3
cx: 0 -> 4
cx: 0 -> 5
cx: 0 -> 6
cx: 0 -> 7
cx: 0 -> 8
cx: 0 -> 9
cx: 0 -> 10
cx: 0 -> 11
cx: 0 -> 12
cx: 0 -> 13
cx: 0 -> 14
cx: 0 -> 15
cx: 0 -> 15
cx: 0 -> 15
cx: 0 -> 0
cx: 0 -> 0
cx: 0 -> 0
cx: 0 -> 1
cx: 0 -> 2
cx: 0 -> 3
cx: 0 -> 4
cx: 0 -> 5
cx: 0 -> 6
cx: 0 -> 7
cx: 0 -> 8
cx: 0 -> 9
cx: 0 -> 10
cx: 0 -> 11
cx: 0 -> 12
cx: 0 -> 13
cx: 0 -> 0
cx: 0 -> 0
cx: 0 -> 1
cx: 0 -> 1
cx: 0 -> 1
cx: 0 -> 1
cx: 0 -> 1
cx: 0 -> 1
cx: 0 -> 1
cx: 0 -> 1
cx: 0 -> 1
cx: 0 -> 1
cx: 0 -> 1
cx: 0 -> 1
cx: 0 -> 1
cx: 0 -> 1
cx: 0 -> 1
cx: 0 -> 1
cx: 0 -> 1
cx: 0 -> 1
cx: 0 -> 1
cx: 0 -> 1
cx: 0 -> 1
cx: 0 -> 1
cx: 0 -> 1
cx: 0 -> 1
cx: 0 -> 1
cx: 0 -> 1
cx: 0 -> 1
cx: 0 -> 1
cx: 0 -> 1
cx: 0 -> 1
cx: 0 -> 1
cx: 0 -> 1
cx: 0 -> 1
cx: 0 -> 1
cx: 0 -> 1
cx: 0 -> 1
cx: 0 -> 2
cx: 0 -> 2
cx: 0 -> 2
cx: 0 -> 2
cx: 0 -> 2
cx: 0 -> 3
cx: 0 -> 4
cx: 0 -> 0
cx: 0 -> 0
cx: 0 -> 0
cx: 0 -> 0
cx: 0 -> 0
cx: 0 -> 0
cx: 0 -> 0
cx: 0 -> 0
cx: 0 -> 0
cx: 0 -> 0
cx: 0 -> 0
cx: 0 -> 0
cx: 0 -> 0
cx: 0 -> 0
cx: 0 -> 0
cx: 0 -> 0
cx: 0 -> 0
cx: 0 -> 0
cx: 0 -> 0
cx: 0 -> 0
cx: 0 -> 0
cx: 0 -> 0
cx: 0 -> 0
cx: 0 -> 0
cx: 0 -> 0
cx: 0 -> 0
cx: 0 -> 0
cx: 0 -> 0
cx: 0 -> 0
cx: 0 -> 0
cx: 0 -> 1
cx: 0 -> 2
cx: 0 -> 3
cx: 0 -> 4
cx: 0 -> 5
cx: 0 -> 6
cx: 0 -> 7
cx: 0 -> 8
cx: 0 -> 9
cx: 0 -> 10
cx: 0 -> 11
cx: 0 -> 12
cx: 0 -> 13
cx: 0 -> 14
cx: 0 -> 15
cx: 0 -> 16
cx: 0 -> 17
cx: 0 -> 18
cx: 0 -> 19
cx: 0 -> 20
cx: 0 -> 21
cx: 0 -> 22
cx: 0 -> 23
cx: 0 -> 24
cx: 0 -> 25
cx: 0 -> 26
cx: 0 -> 27
cx: 0 -> 28
cx: 0 -> 29
cx: 0 -> 30
cx: 0 -> 31
cx: 0 -> 32
cx: 0 -> 33
cx: 0 -> 34
cx: 0 -> 35
cx: 0 -> 36
cx: 0 -> 37
cx: 0 -> 38
cx: 0 -> 39
cx: 0 -> 40
cx: 0 -> 41
cx: 0 -> 42
cx: 0 -> 43
cx: 0 -> 44
cx: 0 -> 45
cx: 0 -> 46
cx: 0 -> 47
cx: 0 -> 48
cx: 0 -> 49
cx: 0 -> 50
cx: 0 -> 51
cx: 0 -> 52
cx: 0 -> 53
cx: 0 -> 54
cx: 0 -> 55
cx: 0 -> 56
cx: 0 -> 57
cx: 0 -> 58
cx: 0 -> 59
cx: 0 -> 60
cx: 0 -> 61
cx: 0 -> 62
cx: 0 -> 63
cx: 0 -> 64
cx: 0 -> 65
cx: 0 -> 66
cx: 0 -> 67
cx: 0 -> 68
cx: 0 -> 69
cx: 0 -> 70
cx: 0 -> 71
cx: 0 -> 72
cx: 0 -> 73
cx: 0 -> 74
cx: 0 -> 75
cx: 0 -> 76
cx: 0 -> 77
cx: 0 -> 78
cx: 0 -> 79
cx: 0 -> 80
cx: 0 -> 81
cx: 0 -> 82
cx: 0 -> 83
cx: 0 -> 84
cx: 0 -> 85
cx: 0 -> 86
cx: 0 -> 87
cx: 0 -> 88
cx: 0 -> 89
cx: 0 -> 90
cx: 0 -> 91
cx: 0 -> 92
cx: 0 -> 93
cx: 0 -> 94
cx: 0 -> 95
cx: 0 -> 96
cx: 0 -> 97
cx: 0 -> 98
cx: 0 -> 99
cx: 0 -> 100
cx: 0 -> 101
cx: 0 -> 102
cx: 0 -> 103
cx: 0 -> 104
cx: 0 -> 105
cx: 0 -> 106
cx: 0 -> 107
cx: 0 -> 108
cx: 0 -> 109
cx: 0 -> 110
cx: 0 -> 111
cx: 0 -> 112
cx: 0 -> 113
cx: 0 -> 114
cx: 0 -> 115
cx: 0 -> 116
cx: 0 -> 117
cx: 0 -> 118
cx: 0 -> 119
cx: 0 -> 120
cx: 0 -> 121
cx: 0 -> 122
cx: 0 -> 123
cx: 0 -> 124
cx: 0 -> 125
cx: 0 -> 126
cx: 0 -> 127
cx: 0 -> 128
cx: 0 -> 129
cx: 0 -> 130
cx: 0 -> 131
cx: 0 -> 132
cx: 0 -> 133
cx: 0 -> 134
cx: 0 -> 135
cx: 0 -> 136
cx: 0 -> 137
cx: 0 -> 138
cx: 0 -> 139
cx: 0 -> 140
cx: 0 -> 141
cx: 0 -> 142
cx: 0 -> 143
cx: 0 -> 144
cx: 0 -> 145
cx: 0 -> 146
cx: 0 -> 147
cx: 0 -> 148
cx: 0 -> 149
cx: 0 -> 150
cx: 0 -> 151
cx: 0 -> 152
cx: 0 -> 153
cx: 0 -> 154
cx: 0 -> 155
cx: 0 -> 156
cx: 0 -> 157
cx: 0 -> 158
cx: 0 -> 159
cx: 0 -> 160
cx: 0 -> 161
cx: 0 -> 162
cx: 0 -> 163
cx: 0 -> 164
cx: 0 -> 165
cx: 0 -> 166
cx: 0 -> 167
cx: 0 -> 168
cx: 0 -> 169
cx: 0 -> 170
cx: 0 -> 171
cx: 0 -> 172
cx: 0 -> 173
cx: 0 -> 174
cx: 0 -> 175
cx: 0 -> 176
cx: 0 -> 177
cx: 0 -> 178
cx: 0 -> 179
cx: 0 -> 180
cx: 0 -> 181
cx: 0 -> 182
cx: 0 -> 183
cx: 0 -> 184
cx: 0 -> 185
cx: 0 -> 186
cx: 0 -> 187
cx: 0 -> 188
cx: 0 -> 189
cx: 0 -> 190
cx: 0 -> 191
cx: 0 -> 192
cx: 0 -> 193
cx: 0 -> 194
cx: 0 -> 195
cx: 0 -> 196
cx: 0 -> 197
cx: 0 -> 198
cx: 0 -> 199
cx: 0 -> 200
cx: 0 -> 201
cx: 0 -> 202
cx: 0 -> 203
cx: 0 -> 204
cx: 0 -> 205
cx: 0 -> 206
cx: 0 -> 207
cx: 0 -> 208
cx: 0 -> 209
cx: 0 -> 210
cx: 0 -> 211
cx: 0 -> 212
cx: 0 -> 213
cx: 0 -> 214
cx: 0 -> 215
cx: 0 -> 216
cx: 0 -> 217
cx: 0 -> 218
cx: 0 -> 219
cx: 0 -> 220
cx: 0 -> 221
cx: 0 -> 222
cx: 0 -> 223
cx: 0 -> 224
cx: 0 -> 225
cx: 0 -> 226
cx: 0 -> 227
cx: 0 -> 228
cx: 0 -> 229
cx: 0 -> 230
cx: 0 -> 231
cx: 0 -> 232
cx: 0 -> 233
cx: 0 -> 234
cx: 0 -> 235
cx: 0 -> 236
cx: 0 -> 237
cx: 0 -> 238
cx: 0 -> 239
cx: 0 -> 240
cx: 0 -> 241
cx: 0 -> 242
cx: 0 -> 243
cx: 0 -> 244
cx: 0 -> 245
cx: 0 -> 246
cx: 0 -> 247
cx: 0 -> 248
cx: 0 -> 249
cx: 0 -> 250
cx: 0 -> 251
cx: 0 -> 252
cx: 0 -> 253
cx: 0 -> 254
cx: 0 -> 255
cx: 0 -> 256
cx: 0 -> 257
cx: 0 -> 258
cx: 0 -> 259
cx: 0 -> 260
cx: 0 -> 261
cx: 0 -> 262
cx: 0 -> 263
cx: 0 -> 264
cx: 0 -> 265
cx: 0 -> 266
cx: 0 -> 267
cx: 0 -> 268
cx: 0 -> 269
cx: 0 -> 270
cx: 0 -> 271
cx: 0 -> 272
cx: 0 -> 273
cx: 0 -> 274
cx: 0 -> 275
cx: 0 -> 276
cx: 0 -> 277
cx: 0 -> 277
cx: 0 -> 277
cx: 0 -> 277
cx: 0 -> 277
cx: 0 -> 277
cx: 0 -> 277
cx: 0 -> 277
cx: 0 -> 277
cx: 0 -> 277
cx: 0 -> 277
cx: 0 -> 277
cx: 0 -> 277
cx: 0 -> 277
cx: 0 -> 277
cx: 0 -> 277
cx: 0 -> 277
cx: 0 -> 277
cx: 0 -> 277
cx: 0 -> 277
cx: 0 -> 277
cx: 0 -> 277
cx: 0 -> 277
cx: 0 -> 277
cx: 0 -> 277
cx: 0 -> 277
cx: 0 -> 277
cx: 0 -> 277
cx: 0 -> 277
cx: 0 -> 277
cx: 0 -> 277
cx: 0 -> 277
cx: 0 -> 277
cx: 0 -> 277
cx: 0 -> 277
cx: 0 -> 277
cx: 0 -> 277
cx: 0 -> 277
cx: 0 -> 277
cx: 0 -> 277
cx: 0 -> 277
cx: 0 -> 277
cx: 0 -> 277
cx: 0 -> 277
cx: 0 -> 277
cx: 0 -> 277
cx: 0 -> 277
cx: 0 -> 277
cx: 0 -> 277
cx: 0 -> 277
cx: 0 -> 277
cx: 0 -> 277
cx: 0 -> 277
cx: 0 -> 277
cx: 0 -> 277
cx: 0 -> 277
cx: 0 -> 277
cx: 0 -> 277
cx: 0 -> 277
cx: 0 -> 277
cx: 0 -> 277
cx: 0 -> 277
cx: 0 -> 277
cx: 0 -> 277
cx: 0 -> 277
cx: 0 -> 277
cx: 0 -> 277
cx: 0 -> 277
cx: 0 -> 0
cx: 0 -> 0
cx: 0 -> 0
cx: 0 -> 0
cx: 0 -> 0
cx: 0 -> 0
cx: 0 -> 0
cx: 0 -> 0
cx: 0 -> 0
cx: 0 -> 0
cx: 0 -> 0
cx: 0 -> 0
cx: 0 -> 0
cx: 0 -> 0
cx: 0 -> 0
cx: 0 -> 0
cx: 0 -> 0
cx: 0 -> 0
cx: 0 -> 0
cx: 0 -> 0
cx: 0 -> 0
cx: 0 -> 0
cx: 0 -> 0
cx: 0 -> 0
cx: 0 -> 0
cx: 0 -> 0
cx: 0 -> 0
cx: 0 -> 0
cx: 0 -> 0
cx: 0 -> 0
cx: 0 -> 1
cx: 0 -> 2
cx: 0 -> 3
cx: 0 -> 4
cx: 0 -> 5
cx: 0 -> 6
cx: 0 -> 7
cx: 0 -> 8
cx: 0 -> 9
cx: 0 -> 9
cx: 0 -> 9
cx: 0 -> 9
cx: 0 -> 9
cx: 0 -> 9
cx: 0 -> 9
cx: 0 -> 9
cx: 0 -> 9
cx: 0 -> 9
cx: 0 -> 9
cx: 0 -> 9
cx: 0 -> 9
cx: 0 -> 9
cx: 0 -> 9
cx: 0 -> 9
cx: 0 -> 9
cx: 0 -> 9
cx: 0 -> 9
cx: 0 -> 9
cx: 0 -> 9
cx: 0 -> 9
cx: 0 -> 9
cx: 0 -> 9
cx: 0 -> 9
cx: 0 -> 9
cx: 0 -> 9
cx: 0 -> 10
cx: 0 -> 11
cx: 0 -> 12
cx: 0 -> 13
cx: 0 -> 14
cx: 0 -> 15
cx: 0 -> 16
cx: 0 -> 17
cx: 0 -> 18
cx: 0 -> 19
cx: 0 -> 20
cx: 0 -> 21
cx: 0 -> 22
cx: 0 -> 22
cx: 0 -> 22
cx: 0 -> 22
cx: 0 -> 22
cx: 0 -> 22
cx: 0 -> 22
cx: 0 -> 23
cx: 0 -> 24
cx: 0 -> 25
cx: 0 -> 26
cx: 0 -> 27
cx: 0 -> 28
cx: 0 -> 29
cx: 0 -> 29
cx: 0 -> 29
cx: 0 -> 30
cx: 0 -> 31
cx: 0 -> 32
cx: 0 -> 33
cx: 0 -> 34
cx: 0 -> 35
cx: 0 -> 36
cx: 0 -> 37
cx: 0 -> 38
cx: 0 -> 39
cx: 0 -> 40
cx: 0 -> 41
cx: 0 -> 42
cx: 0 -> 43
cx: 0 -> 44
cx: 0 -> 45
cx: 0 -> 46
cx: 0 -> 47
cx: 0 -> 48
cx: 0 -> 49
cx: 0 -> 50
cx: 0 -> 51
cx: 0 -> 52
cx: 0 -> 53
cx: 0 -> 54
cx: 0 -> 55
cx: 0 -> 56
cx: 0 -> 57
cx: 0 -> 58
cx: 0 -> 59
cx: 0 -> 60
cx: 0 -> 61
cx: 0 -> 62
cx: 0 -> 63
cx: 0 -> 64
cx: 0 -> 65
cx: 0 -> 66
cx: 0 -> 67
cx: 0 -> 68
cx: 0 -> 69
cx: 0 -> 70
cx: 0 -> 71
cx: 0 -> 72
cx: 0 -> 73
cx: 0 -> 74
cx: 0 -> 75
cx: 0 -> 76
cx: 0 -> 77
cx: 0 -> 78
cx: 0 -> 79
cx: 0 -> 80
cx: 0 -> 81
cx: 0 -> 82
cx: 0 -> 83
cx: 0 -> 84
cx: 0 -> 85
cx: 0 -> 86
cx: 0 -> 87
cx: 0 -> 88
cx: 0 -> 89
cx: 0 -> 90
cx: 0 -> 91
cx: 0 -> 92
cx: 0 -> 93
cx: 0 -> 94
cx: 0 -> 95
cx: 0 -> 96
cx: 0 -> 97
cx: 0 -> 98
cx: 0 -> 99
cx: 0 -> 100
cx: 0 -> 101
cx: 0 -> 102
cx: 0 -> 103
cx: 0 -> 104
cx: 0 -> 105
cx: 0 -> 106
cx: 0 -> 107
cx: 0 -> 108
cx: 0 -> 109
cx: 0 -> 110
cx: 0 -> 111
cx: 0 -> 112
cx: 0 -> 113
cx: 0 -> 114
cx: 0 -> 115
cx: 0 -> 116
cx: 0 -> 117
cx: 0 -> 118
cx: 0 -> 119
cx: 0 -> 120
cx: 0 -> 121
cx: 0 -> 122
cx: 0 -> 123
cx: 0 -> 124
cx: 0 -> 125
cx: 0 -> 126
cx: 0 -> 127
cx: 0 -> 128
cx: 0 -> 129
cx: 0 -> 130
cx: 0 -> 131
cx: 0 -> 132
cx: 0 -> 133
cx: 0 -> 134
cx: 0 -> 135
cx: 0 -> 136
cx: 0 -> 0
cx: 0 -> 0
cx: 0 -> 0
cx: 0 -> 0
cx: 0 -> 0
cx: 0 -> 0
cx: 0 -> 0
cx: 0 -> 0
cx: 0 -> 0
cx: 0 -> 0
cx: 0 -> 0
cx: 0 -> 0
cx: 0 -> 0
cx: 0 -> 0
cx: 0 -> 0
cx: 0 -> 0
cx: 0 -> 0
cx: 0 -> 0
cx: 0 -> 0
cx: 0 -> 0
cx: 0 -> 0
cx: 0 -> 0
cx: 0 -> 0
cx: 0 -> 0
cx: 0 -> 0
cx: 0 -> 0
cx: 0 -> 0
cx: 0 -> 0
cx: 0 -> 0
cx: 0 -> 0
cx: 0 -> 1
cx: 0 -> 2
cx: 0 -> 3
cx: 0 -> 4
cx: 0 -> 5
cx: 0 -> 6
cx: 0 -> 7
cx: 0 -> 8
cx: 0 -> 9
cx: 0 -> 10
cx: 0 -> 11
cx: 0 -> 12
cx: 0 -> 13
cx: 0 -> 14
cx: 0 -> 15
cx: 0 -> 16
cx: 0 -> 17
cx: 0 -> 18
cx: 0 -> 19
cx: 0 -> 20
cx: 0 -> 21
cx: 0 -> 22
cx: 0 -> 23
cx: 0 -> 24
cx: 0 -> 25
cx: 0 -> 26
cx: 0 -> 27
cx: 0 -> 28
cx: 0 -> 29
cx: 0 -> 30
cx: 0 -> 31
cx: 0 -> 32
cx: 0 -> 33
cx: 0 -> 34
cx: 0 -> 35
cx: 0 -> 36
cx: 0 -> 37
cx: 0 -> 38
cx: 0 -> 39
cx: 0 -> 40
cx: 0 -> 41
cx: 0 -> 42
cx: 0 -> 43
cx: 0 -> 44
cx: 0 -> 45
cx: 0 -> 46
cx: 0 -> 47
cx: 0 -> 48
cx: 0 -> 49
cx: 0 -> 50
cx: 0 -> 0
cx: 0 -> 0
cx: 0 -> 0
cx: 0 -> 0
cx: 0 -> 0
cx: 0 -> 0
cx: 0 -> 0
cx: 0 -> 0
cx: 0 -> 0
cx: 0 -> 0
cx: 0 -> 0
cx: 0 -> 0
cx: 0 -> 0
cx: 0 -> 0
cx: 0 -> 0
cx: 0 -> 0
cx: 0 -> 0
cx: 0 -> 0
cx: 0 -> 0
cx: 0 -> 0
cx: 0 -> 0
cx: 0 -> 0
cx: 0 -> 0
cx: 0 -> 0
cx: 0 -> 0
cx: 0 -> 0
cx: 0 -> 0
cx: 0 -> 0
cx: 0 -> 0
cx: 0 -> 0
cx: 0 -> 1
cx: 0 -> 2
cx: 0 -> 3
cx: 0 -> 4
cx: 0 -> 5
cx: 0 -> 6
cx: 0 -> 7
cx: 0 -> 8
cx: 0 -> 9
cx: 0 -> 10
cx: 0 -> 11
cx: 0 -> 12
cx: 0 -> 13
cx: 0 -> 14
cx: 0 -> 15
cx: 0 -> 16
cx: 0 -> 17
cx: 0 -> 18
cx: 0 -> 19
cx: 0 -> 0
cx: 0 -> 0
cx: 0 -> 0
cx: 0 -> 0
cx: 0 -> 0
cx: 0 -> 0
cx: 0 -> 0
cx: 0 -> 0
cx: 0 -> 0
cx: 0 -> 0
cx: 0 -> 0
cx: 0 -> 0
cx: 0 -> 0
cx: 0 -> 0
cx: 0 -> 0
cx: 0 -> 0
cx: 0 -> 0
cx: 0 -> 0
cx: 0 -> 0
cx: 0 -> 0
cx: 0 -> 0
cx: 0 -> 0
cx: 0 -> 0
cx: 0 -> 0
cx: 0 -> 0
cx: 0 -> 0
cx: 0 -> 0
cx: 0 -> 0
cx: 0 -> 0
cx: 0 -> 0
cx: 0 -> 1
cx: 0 -> 2
cx: 0 -> 3
cx: 0 -> 4
cx: 0 -> 5
cx: 0 -> 6
cx: 0 -> 7
cx: 0 -> 8
cx: 0 -> 9
cx: 0 -> 10
cx: 0 -> 11
cx: 0 -> 12
cx: 0 -> 13
cx: 0 -> 14
cx: 0 -> 15
cx: 0 -> 16
cx: 0 -> 17
cx: 0 -> 18
cx: 0 -> 19
cx: 0 -> 20
cx: 0 -> 0
cx: 0 -> 0
cx: 0 -> 0
cx: 0 -> 0
cx: 0 -> 0
cx: 0 -> 0
cx: 0 -> 0
cx: 0 -> 0
cx: 0 -> 0
cx: 0 -> 0
cx: 0 -> 0
cx: 0 -> 0
cx: 0 -> 0
cx: 0 -> 0
cx: 0 -> 0
cx: 0 -> 0
cx: 0 -> 0
cx: 0 -> 0
cx: 0 -> 0
cx: 0 -> 0
cx: 0 -> 0
cx: 0 -> 0
cx: 0 -> 0
cx: 0 -> 0
cx: 0 -> 0
cx: 0 -> 0
cx: 0 -> 0
cx: 0 -> 0
cx: 0 -> 0
cx: 0 -> 0
cx: 0 -> 1
cx: 0 -> 2
cx: 0 -> 3
cx: 0 -> 4
cx: 0 -> 5
cx: 0 -> 6
cx: 0 -> 7
cx: 0 -> 8
cx: 0 -> 9
cx: 0 -> 10
cx: 0 -> 11
cx: 0 -> 11
cx: 0 -> 11
cx: 0 -> 11
cx: 0 -> 11
cx: 0 -> 11
cx: 0 -> 11
cx: 0 -> 11
cx: 0 -> 11
cx: 0 -> 11
cx: 0 -> 11
cx: 0 -> 11
cx: 0 -> 11
cx: 0 -> 11
cx: 0 -> 11
cx: 0 -> 11
cx: 0 -> 11
cx: 0 -> 11
cx: 0 -> 11
cx: 0 -> 11
cx: 0 -> 11
cx: 0 -> 11
cx: 0 -> 11
cx: 0 -> 11
cx: 0 -> 11
cx: 0 -> 11
cx: 0 -> 11
cx: 0 -> 11
cx: 0 -> 11
cx: 0 -> 11
cx: 0 -> 10
cx: 0 -> 9
cx: 0 -> 8
cx: 0 -> 7
cx: 0 -> 6
cx: 0 -> 5
cx: 0 -> 4
cx: 0 -> 3
cx: 0 -> 2
cx: 0 -> 1
cx: 0 -> 0
cx: 0 -> 0
cx: 0 -> 0
cx: 0 -> 0
cx: 0 -> 0
cx: 0 -> 0
cx: 0 -> 0
cx: 0 -> 0
cx: 0 -> 0
cx: 0 -> 0
cx: 0 -> 0
cx: 0 -> 0
cx: 0 -> 0
cx: 0 -> 0
cx: 0 -> 0
cx: 0 -> 0
cx: 0 -> 0
cx: 0 -> 0
cx: 0 -> 0
cx: 0 -> 0
cx: 0 -> 0
cx: 0 -> 0
cx: 0 -> 0
cx: 0 -> 0
cx: 0 -> 0
cx: 0 -> 0
cx: 0 -> 0
cx: 0 -> 0
cx: 0 -> 0
cx: 0 -> 0
cx: 0 -> 0
cx: 0 -> 0
cx: 0 -> 0
cx: 0 -> 0
cx: 0 -> 0
cx: 0 -> 0
cx: 0 -> 1
cx: 0 -> 2
cx: 0 -> 3
cx: 0 -> 4
cx: 0 -> 5
cx: 0 -> 6
cx: 0 -> 7
cx: 0 -> 8
cx: 0 -> 9
cx: 0 -> 10
cx: 0 -> 11
cx: 0 -> 12
cx: 0 -> 13
cx: 0 -> 14
cx: 0 -> 15
cx: 0 -> 16
cx: 0 -> 17
cx: 0 -> 18
cx: 0 -> 19
cx: 0 -> 20
cx: 0 -> 21
cx: 0 -> 22
cx: 0 -> 23
cx: 0 -> 24
cx: 0 -> 25
cx: 0 -> 26
cx: 0 -> 27
cx: 0 -> 28
cx: 0 -> 29
cx: 0 -> 30
cx: 0 -> 31
cx: 0 -> 32
cx: 0 -> 33
cx: 0 -> 34
cx: 0 -> 35
cx: 0 -> 36
cx: 0 -> 37
cx: 0 -> 38
cx: 0 -> 39
cx: 0 -> 40
cx: 0 -> 41
cx: 0 -> 42
cx: 0 -> 43
cx: 0 -> 44
cx: 0 -> 45
cx: 0 -> 46
cx: 0 -> 47
cx: 0 -> 48
cx: 0 -> 49
cx: 0 -> 50
cx: 0 -> 51
cx: 0 -> 52
cx: 0 -> 53
cx: 0 -> 54
cx: 0 -> 55
cx: 0 -> 56
cx: 0 -> 57
cx: 0 -> 58
cx: 0 -> 59
cx: 0 -> 60
cx: 0 -> 61
cx: 0 -> 62
cx: 0 -> 63
cx: 0 -> 64
cx: 0 -> 65
cx: 0 -> 66
cx: 0 -> 67
cx: 0 -> 68
cx: 0 -> 69
cx: 0 -> 70
cx: 0 -> 71
cx: 0 -> 72
cx: 0 -> 73
cx: 0 -> 74
cx: 0 -> 75
cx: 0 -> 76
cx: 0 -> 77
cx: 0 -> 78
cx: 0 -> 79
cx: 0 -> 80
cx: 0 -> 81
cx: 0 -> 82
cx: 0 -> 83
cx: 0 -> 84
cx: 0 -> 85
cx: 0 -> 86
cx: 0 -> 87
cx: 0 -> 88
cx: 0 -> 89
cx: 0 -> 90
cx: 0 -> 91
cx: 0 -> 92
cx: 0 -> 93
cx: 0 -> 94
cx: 0 -> 95
cx: 0 -> 96
cx: 0 -> 97
cx: 0 -> 98
cx: 0 -> 99
cx: 0 -> 100
cx: 0 -> 101
cx: 0 -> 102
cx: 0 -> 103
cx: 0 -> 104
cx: 0 -> 105
cx: 0 -> 106
cx: 0 -> 107
cx: 0 -> 108
cx: 0 -> 109
cx: 0 -> 110
cx: 0 -> 111
cx: 0 -> 112
cx: 0 -> 113
cx: 0 -> 114
cx: 0 -> 115
cx: 0 -> 116
cx: 0 -> 117
cx: 0 -> 118
cx: 0 -> 119
cx: 0 -> 120
cx: 0 -> 121
cx: 0 -> 122
cx: 0 -> 123
cx: 0 -> 124
cx: 0 -> 125
cx: 0 -> 126
cx: 0 -> 127
cx: 0 -> 128
cx: 0 -> 129
cx: 0 -> 130
cx: 0 -> 131
cx: 0 -> 132
cx: 0 -> 133
cx: 0 -> 134
cx: 0 -> 135
cx: 0 -> 136
cx: 0 -> 137
cx: 0 -> 138
cx: 0 -> 139
cx: 0 -> 140
cx: 0 -> 141
cx: 0 -> 142
cx: 0 -> 143
cx: 0 -> 144
cx: 0 -> 145
cx: 0 -> 146
cx: 0 -> 147
cx: 0 -> 148
cx: 0 -> 149
cx: 0 -> 150
cx: 0 -> 151
cx: 0 -> 152
cx: 0 -> 153
cx: 0 -> 154
cx: 0 -> 155
cx: 0 -> 156
cx: 0 -> 157
cx: 0 -> 158
cx: 0 -> 159
cx: 0 -> 160
cx: 0 -> 161
cx: 0 -> 162
cx: 0 -> 163
cx: 0 -> 164
cx: 0 -> 165
cx: 0 -> 166
cx: 0 -> 167
cx: 0 -> 168
cx: 0 -> 169
cx: 0 -> 170
cx: 0 -> 171
cx: 0 -> 172
cx: 0 -> 173
cx: 0 -> 174
cx: 0 -> 175
cx: 0 -> 176
cx: 0 -> 177
cx: 0 -> 178
cx: 0 -> 179
cx: 0 -> 180
cx: 0 -> 181
cx: 0 -> 182
cx: 0 -> 183
cx: 0 -> 184
cx: 0 -> 185
cx: 0 -> 186
cx: 0 -> 187
cx: 0 -> 188
cx: 0 -> 189
cx: 0 -> 190
cx: 0 -> 191
cx: 0 -> 192
cx: 0 -> 193
cx: 0 -> 193
cx: 0 -> 193
cx: 0 -> 193
cx: 0 -> 193
cx: 0 -> 193
cx: 0 -> 193
cx: 0 -> 193
cx: 0 -> 193
cx: 0 -> 193
cx: 0 -> 193
cx: 0 -> 193
cx: 0 -> 193
cx: 0 -> 193
cx: 0 -> 193
cx: 0 -> 193
cx: 0 -> 193
cx: 0 -> 193
cx: 0 -> 193
cx: 0 -> 193
cx: 0 -> 193
cx: 0 -> 193
cx: 0 -> 193
cx: 0 -> 193
cx: 0 -> 193
cx: 0 -> 193
cx: 0 -> 193
cx: 0 -> 193
cx: 0 -> 193
cx: 0 -> 193
cx: 0 -> 192
cx: 0 -> 191
cx: 0 -> 190
cx: 0 -> 189
cx: 0 -> 188
cx: 0 -> 187
cx: 0 -> 186
cx: 0 -> 185
cx: 0 -> 184
cx: 0 -> 183
cx: 0 -> 182
cx: 0 -> 181
cx: 0 -> 180
cx: 0 -> 179
cx: 0 -> 178
cx: 0 -> 178
cx: 0 -> 178
cx: 0 -> 178
cx: 0 -> 178
cx: 0 -> 178
cx: 0 -> 178
cx: 0 -> 178
cx: 0 -> 178
cx: 0 -> 178
cx: 0 -> 178
cx: 0 -> 178
cx: 0 -> 178
cx: 0 -> 178
cx: 0 -> 178
cx: 0 -> 178
cx: 0 -> 178
cx: 0 -> 178
cx: 0 -> 178
cx: 0 -> 178
cx: 0 -> 178
cx: 0 -> 178
cx: 0 -> 178
cx: 0 -> 178
cx: 0 -> 178
cx: 0 -> 178
cx: 0 -> 178
cx: 0 -> 178
cx: 0 -> 178
cx: 0 -> 178
cx: 0 -> 179
cx: 0 -> 180
cx: 0 -> 181
cx: 0 -> 182
cx: 0 -> 183
cx: 0 -> 184
cx: 0 -> 185
cx: 0 -> 186
cx: 0 -> 187
cx: 0 -> 188
cx: 0 -> 189
cx: 0 -> 190
cx: 0 -> 191
cx: 0 -> 192
cx: 0 -> 193
cx: 0 -> 194
cx: 0 -> 195
cx: 0 -> 196
cx: 0 -> 197
cx: 0 -> 198
cx: 0 -> 199
cx: 0 -> 200
cx: 0 -> 201
cx: 0 -> 202
cx: 0 -> 203
cx: 0 -> 204
cx: 0 -> 205
cx: 0 -> 206
cx: 0 -> 207
cx: 0 -> 208
cx: 0 -> 209
cx: 0 -> 210
cx: 0 -> 211
cx: 0 -> 212
cx: 0 -> 213
cx: 0 -> 214
cx: 0 -> 215
cx: 0 -> 216
cx: 0 -> 217
cx: 0 -> 218
cx: 0 -> 219
cx: 0 -> 220
cx: 0 -> 221
cx: 0 -> 222
cx: 0 -> 223
cx: 0 -> 224
cx: 0 -> 225
cx: 0 -> 226
cx: 0 -> 227
cx: 0 -> 228
cx: 0 -> 229
cx: 0 -> 230
cx: 0 -> 231
cx: 0 -> 232
cx: 0 -> 233
cx: 0 -> 234
cx: 0 -> 235
cx: 0 -> 236
cx: 0 -> 237
cx: 0 -> 238
cx: 0 -> 239
cx: 0 -> 240
cx: 0 -> 241
cx: 0 -> 242
cx: 0 -> 243
cx: 0 -> 244
cx: 0 -> 245
cx: 0 -> 246
cx: 0 -> 247
cx: 0 -> 248
cx: 0 -> 249
cx: 0 -> 250
cx: 0 -> 251
cx: 0 -> 252
cx: 0 -> 253
cx: 0 -> 254
cx: 0 -> 255
cx: 0 -> 256
cx: 0 -> 257
cx: 0 -> 258
cx: 0 -> 259
cx: 0 -> 260
cx: 0 -> 261
cx: 0 -> 262
cx: 0 -> 263
cx: 0 -> 264
cx: 0 -> 265
cx: 0 -> 266
cx: 0 -> 266
cx: 0 -> 266
cx: 0 -> 266
cx: 0 -> 266
cx: 0 -> 266
cx: 0 -> 266
cx: 0 -> 266
cx: 0 -> 266
cx: 0 -> 266
cx: 0 -> 266
cx: 0 -> 266
cx: 0 -> 266
cx: 0 -> 266
cx: 0 -> 266
cx: 0 -> 266
cx: 0 -> 266
cx: 0 -> 266
cx: 0 -> 266
cx: 0 -> 266
cx: 0 -> 266
cx: 0 -> 266
cx: 0 -> 266
cx: 0 -> 266
cx: 0 -> 266
cx: 0 -> 266
cx: 0 -> 266
cx: 0 -> 266
cx: 0 -> 266
cx: 0 -> 266
cx: 0 -> 266
cx: 0 -> 266
cx: 0 -> 266
cx: 0 -> 266
cx: 0 -> 266
cx: 0 -> 266
cx: 0 -> 266
cx: 0 -> 266
cx: 0 -> 266
cx: 0 -> 266
cx: 0 -> 266
cx: 0 -> 266
cx: 0 -> 266
cx: 0 -> 266
cx: 0 -> 266
cx: 0 -> 266
cx: 0 -> 266
cx: 0 -> 266
cx: 0 -> 266
cx: 0 -> 266
cx: 0 -> 266
cx: 0 -> 266
cx: 0 -> 266
cx: 0 -> 266
cx: 0 -> 266
cx: 0 -> 266
cx: 0 -> 266
cx: 0 -> 266
cx: 0 -> 266
cx: 0 -> 266
cx: 0 -> 266
cx: 0 -> 266
cx: 0 -> 266
cx: 0 -> 266
cx: 0 -> 266
cx: 0 -> 266
cx: 0 -> 266
cx: 0 -> 266
cx: 0 -> 266
cx: 0 -> 266
cx: 0 -> 266
cx: 0 -> 266
cx: 0 -> 266
cx: 0 -> 266
cx: 0 -> 266
cx: 0 -> 266
cx: 0 -> 266
cx: 0 -> 266
cx: 0 -> 266
cx: 0 -> 266
cx: 0 -> 266
cx: 0 -> 266
cx: 0 -> 266
cx: 0 -> 266
cx: 0 -> 266
cx: 0 -> 266
cx: 0 -> 266
cx: 0 -> 266
cx: 0 -> 266
cx: 0 -> 266
cx: 0 -> 266
cx: 0 -> 266
cx: 0 -> 266
cx: 0 -> 266
cx: 0 -> 266
cx: 0 -> 266
cx: 0 -> 266
cx: 0 -> 266
cx: 0 -> 266
cx: 0 -> 266
cx: 0 -> 266
cx: 0 -> 266
cx: 0 -> 266
cx: 0 -> 266
cx: 0 -> 266
cx: 0 -> 266
cx: 0 -> 266
cx: 0 -> 266
cx: 0 -> 266
cx: 0 -> 266
cx: 0 -> 266
cx: 0 -> 266
cx: 0 -> 266
cx: 0 -> 266
cx: 0 -> 266
cx: 0 -> 266
cx: 0 -> 266
cx: 0 -> 266
cx: 0 -> 266
cx: 0 -> 266
cx: 0 -> 266
cx: 0 -> 266
cx: 0 -> 266
cx: 0 -> 266
cx: 0 -> 266
cx: 0 -> 266
cx: 0 -> 266
cx: 0 -> 266
cx: 0 -> 266
cx: 0 -> 266
cx: 0 -> 266
cx: 0 -> 266
cx: 0 -> 266
cx: 0 -> 266
cx: 0 -> 266
cx: 0 -> 266
cx: 0 -> 266
cx: 0 -> 266
cx: 0 -> 266
cx: 0 -> 266
cx: 0 -> 266
cx: 0 -> 266
cx: 0 -> 266
cx: 0 -> 266
cx: 0 -> 266
cx: 0 -> 266
cx: 0 -> 266
cx: 0 -> 266
cx: 0 -> 266
cx: 0 -> 266
cx: 0 -> 266
cx: 0 -> 266
cx: 0 -> 266
cx: 0 -> 266
cx: 0 -> 266
cx: 0 -> 266
cx: 0 -> 266
cx: 0 -> 266
cx: 0 -> 266
cx: 0 -> 266
cx: 0 -> 266
cx: 0 -> 266
cx: 0 -> 266
cx: 0 -> 266
cx: 0 -> 266
cx: 0 -> 266
cx: 0 -> 266
cx: 0 -> 266
cx: 0 -> 266
cx: 0 -> 266
cx: 0 -> 266
cx: 0 -> 266
cx: 0 -> 266
cx: 0 -> 266
cx: 0 -> 266
cx: 0 -> 266
cx: 0 -> 266
cx: 0 -> 266
cx: 0 -> 266
cx: 0 -> 266
cx: 0 -> 266
cx: 0 -> 266
cx: 0 -> 266
cx: 0 -> 266
cx: 0 -> 266
cx: 0 -> 266
cx: 0 -> 266
cx: 0 -> 266
cx: 0 -> 266
cx: 0 -> 266
cx: 0 -> 266
cx: 0 -> 266
cx: 0 -> 266
cx: 0 -> 265
cx: 0 -> 264
cx: 0 -> 263
cx: 0 -> 262
cx: 0 -> 261
cx: 0 -> 260
cx: 0 -> 259
cx: 0 -> 258
cx: 0 -> 257
cx: 0 -> 256
cx: 0 -> 255
cx: 0 -> 254
cx: 0 -> 253
cx: 0 -> 252
cx: 0 -> 251
cx: 0 -> 250
cx: 0 -> 249
cx: 0 -> 248
cx: 0 -> 247
cx: 0 -> 246
cx: 0 -> 245
cx: 0 -> 244
cx: 0 -> 243
cx: 0 -> 242
cx: 0 -> 241
cx: 0 -> 240
cx: 0 -> 239
cx: 0 -> 238
cx: 0 -> 237
cx: 0 -> 236
cx: 0 -> 235
cx: 0 -> 234
cx: 0 -> 233
cx: 0 -> 232
cx: 0 -> 231
cx: 0 -> 230
cx: 0 -> 229
cx: 0 -> 228
cx: 0 -> 227
cx: 0 -> 226
cx: 0 -> 225
cx: 0 -> 224
cx: 0 -> 223
cx: 0 -> 222
cx: 0 -> 221
cx: 0 -> 220
cx: 0 -> 219
cx: 0 -> 218
cx: 0 -> 217
cx: 0 -> 216
cx: 0 -> 215
cx: 0 -> 214
cx: 0 -> 213
cx: 0 -> 212
cx: 0 -> 211
cx: 0 -> 210
cx: 0 -> 209
cx: 0 -> 208
cx: 0 -> 207
cx: 0 -> 206
cx: 0 -> 205
cx: 0 -> 204
cx: 0 -> 203
cx: 0 -> 202
cx: 0 -> 201
cx: 0 -> 200
cx: 0 -> 199
cx: 0 -> 198
cx: 0 -> 197
cx: 0 -> 196
cx: 0 -> 195
cx: 0 -> 194
cx: 0 -> 193
cx: 0 -> 192
cx: 0 -> 191
cx: 0 -> 190
cx: 0 -> 189
cx: 0 -> 188
cx: 0 -> 187
cx: 0 -> 186
cx: 0 -> 185
cx: 0 -> 184
cx: 0 -> 183
cx: 0 -> 182
cx: 0 -> 181
cx: 0 -> 180
cx: 0 -> 179
cx: 0 -> 178
cx: 0 -> 177
cx: 0 -> 176
cx: 0 -> 175
cx: 0 -> 174
cx: 0 -> 173
cx: 0 -> 172
cx: 0 -> 171
cx: 0 -> 170
cx: 0 -> 169
cx: 0 -> 168
cx: 0 -> 167
cx: 0 -> 166
cx: 0 -> 165
cx: 0 -> 164
cx: 0 -> 163
cx: 0 -> 162
cx: 0 -> 161
cx: 0 -> 160
cx: 0 -> 159
cx: 0 -> 158
cx: 0 -> 157
cx: 0 -> 156
cx: 0 -> 155
cx: 0 -> 154
cx: 0 -> 153
cx: 0 -> 152
cx: 0 -> 151
cx: 0 -> 150
cx: 0 -> 149
cx: 0 -> 148
cx: 0 -> 147
cx: 0 -> 146
cx: 0 -> 145
cx: 0 -> 144
cx: 0 -> 143
cx: 0 -> 142
cx: 0 -> 141
cx: 0 -> 140
cx: 0 -> 139
cx: 0 -> 138
cx: 0 -> 137
cx: 0 -> 136
cx: 0 -> 135
cx: 0 -> 134
cx: 0 -> 133
cx: 0 -> 132
cx: 0 -> 131
cx: 0 -> 130
cx: 0 -> 129
cx: 0 -> 128
cx: 0 -> 127
cx: 0 -> 126
cx: 0 -> 125
cx: 0 -> 124
cx: 0 -> 123
cx: 0 -> 122
cx: 0 -> 121
cx: 0 -> 120
cx: 0 -> 119
cx: 0 -> 118
cx: 0 -> 117
cx: 0 -> 116
cx: 0 -> 115
cx: 0 -> 114
cx: 0 -> 113
cx: 0 -> 112
cx: 0 -> 111
cx: 0 -> 110
cx: 0 -> 109
cx: 0 -> 108
cx: 0 -> 107
cx: 0 -> 106
cx: 0 -> 105
cx: 0 -> 104
cx: 0 -> 103
cx: 0 -> 102
cx: 0 -> 101
cx: 0 -> 100
cx: 0 -> 99
cx: 0 -> 98
cx: 0 -> 97
cx: 0 -> 96
cx: 0 -> 95
cx: 0 -> 94
cx: 0 -> 93
cx: 0 -> 92
cx: 0 -> 91
cx: 0 -> 90
cx: 0 -> 89
cx: 0 -> 88
cx: 0 -> 87
cx: 0 -> 86
cx: 0 -> 85
cx: 0 -> 84
cx: 0 -> 83
cx: 0 -> 82
cx: 0 -> 81
cx: 0 -> 80
cx: 0 -> 79
cx: 0 -> 78
cx: 0 -> 77
cx: 0 -> 76
cx: 0 -> 75
cx: 0 -> 74
cx: 0 -> 73
cx: 0 -> 72
cx: 0 -> 71
cx: 0 -> 70
cx: 0 -> 69
cx: 0 -> 68
cx: 0 -> 67
cx: 0 -> 66
cx: 0 -> 65
cx: 0 -> 64
cx: 0 -> 63
cx: 0 -> 62
cx: 0 -> 61
cx: 0 -> 60
cx: 0 -> 59
cx: 0 -> 58
cx: 0 -> 57
cx: 0 -> 56
cx: 0 -> 55
cx: 0 -> 54
cx: 0 -> 53
cx: 0 -> 52
cx: 0 -> 51
cx: 0 -> 50
cx: 0 -> 49
cx: 0 -> 48
cx: 0 -> 47
cx: 0 -> 46
cx: 0 -> 45
cx: 0 -> 44
cx: 0 -> 43
cx: 0 -> 42
cx: 0 -> 41
cx: 0 -> 40
cx: 0 -> 39
cx: 0 -> 38
cx: 0 -> 37
cx: 0 -> 36
cx: 0 -> 35
cx: 0 -> 34
cx: 0 -> 33
cx: 0 -> 32
cx: 0 -> 31
cx: 0 -> 30
cx: 0 -> 29
cx: 0 -> 28
cx: 0 -> 27
cx: 0 -> 26
cx: 0 -> 25
cx: 0 -> 24
cx: 0 -> 23
cx: 0 -> 22
cx: 0 -> 21
cx: 0 -> 20
cx: 0 -> 19
cx: 0 -> 18
cx: 0 -> 17
cx: 0 -> 16
cx: 0 -> 15
cx: 0 -> 14
cx: 0 -> 13
cx: 0 -> 12
cx: 0 -> 11
cx: 0 -> 10
cx: 0 -> 9
cx: 0 -> 8
cx: 0 -> 7
cx: 0 -> 6
cx: 0 -> 5
cx: 0 -> 4
cx: 0 -> 3
cx: 0 -> 2
cx: 0 -> 1
cx: 0 -> 0
cx: 0 -> 0
cx: 0 -> 0
cx: 0 -> 0
cx: 0 -> 0
cx: 0 -> 0
cx: 0 -> 0
cx: 0 -> 0
cx: 0 -> 0
cx: 0 -> 0
cx: 0 -> 0
cx: 0 -> 0
cx: 0 -> 0
cx: 0 -> 0
cx: 0 -> 0
cx: 0 -> 0
cx: 0 -> 0
cx: 0 -> 0
cx: 0 -> 0
cx: 0 -> 0
cx: 0 -> 0
cx: 0 -> 0
cx: 0 -> 0
cx: 0 -> 0
cx: 0 -> 0
cx: 0 -> 0
cx: 0 -> 0
cx: 0 -> 0
cx: 0 -> 0
cx: 0 -> 0
cx: 0 -> 0
cx: 0 -> 0
cx: 0 -> 0
cx: 0 -> 0
cx: 0 -> 0
cx: 0 -> 0
cx: 0 -> 0
cx: 0 -> 0
cx: 0 -> 0
cx: 0 -> 0
cx: 0 -> 0
cx: 0 -> 0
cx: 0 -> 0
cx: 0 -> 0
cx: 0 -> 0
cx: 0 -> 0
cx: 0 -> 0
cx: 0 -> 0
cx: 0 -> 0
cx: 0 -> 0
cx: 0 -> 0
cx: 0 -> 0
cx: 0 -> 0
cx: 0 -> 0
cx: 0 -> 0
cx: 0 -> 0
cx: 0 -> 0
cx: 0 -> 0
cx: 0 -> 0
cx: 0 -> 0
cx: 0 -> 0
cx: 0 -> 0
cx: 0 -> 0
cx: 0 -> 0
cx: 0 -> 0
cx: 0 -> 0
cx: 0 -> 0
cx: 0 -> 0
cx: 0 -> 0
cx: 0 -> 0
cx: 0 -> 0
cx: 0 -> 0
cx: 0 -> 0
cx: 0 -> 0
cx: 0 -> 0
cx: 0 -> 0
cx: 0 -> 0
cx: 0 -> 0
cx: 0 -> 0
cx: 0 -> 0
cx: 0 -> 0
cx: 0 -> 0
cx: 0 -> 0
cx: 0 -> 0
cx: 0 -> 0
cx: 0 -> 0
cx: 0 -> 0
cx: 0 -> 0
cx: 0 -> 0
cx: 0 -> 0
cx: 0 -> 0
cx: 0 -> 0
cx: 0 -> 0
cx: 0 -> 0
cx: 0 -> 0
cx: 0 -> 0
cx: 0 -> 0
cx: 0 -> 0
cx: 0 -> 0
cx: 0 -> 0
cx: 0 -> 0
cx: 0 -> 0
cx: 0 -> 0
cx: 0 -> 0
cx: 0 -> 0
cx: 0 -> 0
cx: 0 -> 0
cx: 0 -> 0
cx: 0 -> 0
cx: 0 -> 0
cx: 0 -> 0
cx: 0 -> 0
cx: 0 -> 0
cx: 0 -> 0
cx: 0 -> 0
cx: 0 -> 0
cx: 0 -> 0
cx: 0 -> 0
cx: 0 -> 0
cx: 0 -> 0
cx: 0 -> 0
cx: 0 -> 0
cx: 0 -> 0
cx: 0 -> 0
cx: 0 -> 0
cx: 0 -> 0
cx: 0 -> 0
cx: 0 -> 0
cx: 0 -> 0
cx: 0 -> 0
cx: 0 -> 0
cx: 0 -> 0
cx: 0 -> 0
cx: 0 -> 0
cx: 0 -> 0
cx: 0 -> 0
cx: 0 -> 0
cx: 0 -> 0
cx: 0 -> 0
cx: 0 -> 0
cx: 0 -> 0
cx: 0 -> 0
cx: 0 -> 0
cx: 0 -> 0
cx: 0 -> 0
cx: 0 -> 0
cx: 0 -> 0
cx: 0 -> 0
cx: 0 -> 0
cx: 0 -> 0
cx: 0 -> 1
cx: 0 -> 2
cx: 0 -> 3
cx: 0 -> 4
cx: 0 -> 5
cx: 0 -> 6
cx: 0 -> 7
cx: 0 -> 8
cx: 0 -> 9
cx: 0 -> 10
cx: 0 -> 11
cx: 0 -> 12
cx: 0 -> 13
cx: 0 -> 14
cx: 0 -> 15
cx: 0 -> 16
cx: 0 -> 17
cx: 0 -> 18
cx: 0 -> 19
cx: 0 -> 20
cx: 0 -> 21
cx: 0 -> 22
cx: 0 -> 23
cx: 0 -> 24
cx: 0 -> 25
cx: 0 -> 26
cx: 0 -> 27
cx: 0 -> 28
cx: 0 -> 29
cx: 0 -> 30
cx: 0 -> 31
cx: 0 -> 32
cx: 0 -> 33
cx: 0 -> 34
cx: 0 -> 35
cx: 0 -> 36
cx: 0 -> 37
cx: 0 -> 38
cx: 0 -> 39
cx: 0 -> 40
cx: 0 -> 41
cx: 0 -> 42
cx: 0 -> 43
cx: 0 -> 44
cx: 0 -> 45
cx: 0 -> 46
cx: 0 -> 47
cx: 0 -> 48
cx: 0 -> 49
cx: 0 -> 50
cx: 0 -> 51
cx: 0 -> 52
cx: 0 -> 53
cx: 0 -> 54
cx: 0 -> 55
cx: 0 -> 56
cx: 0 -> 57
cx: 0 -> 58
cx: 0 -> 59
cx: 0 -> 60
cx: 0 -> 61
cx: 0 -> 62
cx: 0 -> 63
cx: 0 -> 64
cx: 0 -> 65
cx: 0 -> 66
cx: 0 -> 67
cx: 0 -> 68
cx: 0 -> 69
cx: 0 -> 70
cx: 0 -> 71
cx: 0 -> 72
cx: 0 -> 73
cx: 0 -> 74
cx: 0 -> 75
cx: 0 -> 76
cx: 0 -> 77
cx: 0 -> 78
cx: 0 -> 79
cx: 0 -> 80
cx: 0 -> 81
cx: 0 -> 82
cx: 0 -> 83
cx: 0 -> 84
cx: 0 -> 85
cx: 0 -> 86
cx: 0 -> 87
cx: 0 -> 88
cx: 0 -> 89
cx: 0 -> 90
cx: 0 -> 91
cx: 0 -> 92
cx: 0 -> 93
cx: 0 -> 94
cx: 0 -> 95
cx: 0 -> 96
cx: 0 -> 97
cx: 0 -> 98
cx: 0 -> 99
cx: 0 -> 100
cx: 0 -> 101
cx: 0 -> 102
cx: 0 -> 103
cx: 0 -> 104
cx: 0 -> 105
cx: 0 -> 106
cx: 0 -> 107
cx: 0 -> 108
cx: 0 -> 109
cx: 0 -> 110
cx: 0 -> 111
cx: 0 -> 112
cx: 0 -> 113
cx: 0 -> 114
cx: 0 -> 115
cx: 0 -> 116
cx: 0 -> 117
cx: 0 -> 118
cx: 0 -> 119
cx: 0 -> 120
cx: 0 -> 121
cx: 0 -> 122
cx: 0 -> 123
cx: 0 -> 124
cx: 0 -> 125
cx: 0 -> 126
cx: 0 -> 127
cx: 0 -> 128
cx: 0 -> 129
cx: 0 -> 130
cx: 0 -> 131
cx: 0 -> 132
cx: 0 -> 133
cx: 0 -> 134
cx: 0 -> 135
cx: 0 -> 136
cx: 0 -> 137
cx: 0 -> 138
cx: 0 -> 139
cx: 0 -> 140
cx: 0 -> 141
cx: 0 -> 142
cx: 0 -> 143
cx: 0 -> 144
cx: 0 -> 145
cx: 0 -> 146
cx: 0 -> 147
cx: 0 -> 148
cx: 0 -> 149
cx: 0 -> 150
cx: 0 -> 151
cx: 0 -> 152
cx: 0 -> 153
cx: 0 -> 154
cx: 0 -> 155
cx: 0 -> 156
cx: 0 -> 157
cx: 0 -> 158
cx: 0 -> 159
cx: 0 -> 160
cx: 0 -> 161
cx: 0 -> 162
cx: 0 -> 163
cx: 0 -> 164
cx: 0 -> 165
cx: 0 -> 166
cx: 0 -> 167
cx: 0 -> 168
cx: 0 -> 169
cx: 0 -> 170
cx: 0 -> 171
cx: 0 -> 172
cx: 0 -> 173
cx: 0 -> 174
cx: 0 -> 175
cx: 0 -> 176
cx: 0 -> 177
cx: 0 -> 178
cx: 0 -> 179
cx: 0 -> 180
cx: 0 -> 181
cx: 0 -> 182
cx: 0 -> 183
cx: 0 -> 184
cx: 0 -> 185
cx: 0 -> 186
cx: 0 -> 187
cx: 0 -> 188
cx: 0 -> 189
cx: 0 -> 190
cx: 0 -> 191
cx: 0 -> 192
cx: 0 -> 193
cx: 0 -> 194
cx: 0 -> 195
cx: 0 -> 196
cx: 0 -> 197
cx: 0 -> 198
cx: 0 -> 199
cx: 0 -> 200
cx: 0 -> 201
cx: 0 -> 202
cx: 0 -> 203
cx: 0 -> 204
cx: 0 -> 205
cx: 0 -> 206
cx: 0 -> 207
cx: 0 -> 208
cx: 0 -> 209
cx: 0 -> 210
cx: 0 -> 211
cx: 0 -> 212
cx: 0 -> 213
cx: 0 -> 214
cx: 0 -> 215
cx: 0 -> 216
cx: 0 -> 217
cx: 0 -> 218
cx: 0 -> 219
cx: 0 -> 220
cx: 0 -> 221
cx: 0 -> 222
cx: 0 -> 223
cx: 0 -> 224
cx: 0 -> 225
cx: 0 -> 226
cx: 0 -> 227
cx: 0 -> 228
cx: 0 -> 229
cx: 0 -> 230
cx: 0 -> 231
cx: 0 -> 232
cx: 0 -> 233
cx: 0 -> 234
cx: 0 -> 235
cx: 0 -> 236
cx: 0 -> 237
cx: 0 -> 238
cx: 0 -> 239
cx: 0 -> 240
cx: 0 -> 241
cx: 0 -> 242
cx: 0 -> 243
cx: 0 -> 244
cx: 0 -> 245
cx: 0 -> 246
cx: 0 -> 247
cx: 0 -> 248
cx: 0 -> 249
cx: 0 -> 250
cx: 0 -> 251
cx: 0 -> 252
cx: 0 -> 253
cx: 0 -> 254
cx: 0 -> 255
cx: 0 -> 256
cx: 0 -> 257
cx: 0 -> 258
cx: 0 -> 259
cx: 0 -> 260
cx: 0 -> 261
cx: 0 -> 262
cx: 0 -> 263
cx: 0 -> 264
cx: 0 -> 265
cx: 0 -> 266
cx: 0 -> 266
cx: 0 -> 266
cx: 0 -> 266
cx: 0 -> 266
cx: 0 -> 266
cx: 0 -> 266
cx: 0 -> 266
cx: 0 -> 266
cx: 0 -> 266
cx: 0 -> 266
cx: 0 -> 266
cx: 0 -> 266
cx: 0 -> 266
cx: 0 -> 266
cx: 0 -> 266
cx: 0 -> 266
cx: 0 -> 266
cx: 0 -> 266
cx: 0 -> 266
cx: 0 -> 266
cx: 0 -> 266
cx: 0 -> 266
cx: 0 -> 266
cx: 0 -> 266
cx: 0 -> 266
cx: 0 -> 266
cx: 0 -> 266
cx: 0 -> 266
cx: 0 -> 266
cx: 0 -> 266
cx: 0 -> 266
cx: 0 -> 266
cx: 0 -> 266
cx: 0 -> 266
cx: 0 -> 266
cx: 0 -> 266
cx: 0 -> 266
cx: 0 -> 266
cx: 0 -> 266
cx: 0 -> 266
cx: 0 -> 266
cx: 0 -> 266
cx: 0 -> 266
cx: 0 -> 266
cx: 0 -> 266
cx: 0 -> 266
cx: 0 -> 266
cx: 0 -> 266
cx: 0 -> 266
cx: 0 -> 266
cx: 0 -> 266
cx: 0 -> 266
cx: 0 -> 266
cx: 0 -> 266
cx: 0 -> 266
cx: 0 -> 266
cx: 0 -> 266
cx: 0 -> 266
cx: 0 -> 266
cx: 0 -> 266
cx: 0 -> 266
cx: 0 -> 266
cx: 0 -> 266
cx: 0 -> 266
cx: 0 -> 266
cx: 0 -> 266
cx: 0 -> 266
cx: 0 -> 266
cx: 0 -> 266
cx: 0 -> 266
cx: 0 -> 266
cx: 0 -> 266
cx: 0 -> 266
cx: 0 -> 266
cx: 0 -> 266
cx: 0 -> 266
cx: 0 -> 266
cx: 0 -> 266
cx: 0 -> 266
cx: 0 -> 266
cx: 0 -> 266
cx: 0 -> 266
cx: 0 -> 266
cx: 0 -> 266
cx: 0 -> 266
cx: 0 -> 266
cx: 0 -> 266
cx: 0 -> 266
cx: 0 -> 266
cx: 0 -> 266
cx: 0 -> 266
cx: 0 -> 266
cx: 0 -> 266
cx: 0 -> 266
cx: 0 -> 266
cx: 0 -> 266
cx: 0 -> 266
cx: 0 -> 266
cx: 0 -> 266
cx: 0 -> 266
cx: 0 -> 266
cx: 0 -> 266
cx: 0 -> 266
cx: 0 -> 266
cx: 0 -> 266
cx: 0 -> 266
cx: 0 -> 266
cx: 0 -> 266
cx: 0 -> 266
cx: 0 -> 265
cx: 0 -> 264
cx: 0 -> 263
cx: 0 -> 262
cx: 0 -> 261
cx: 0 -> 260
cx: 0 -> 259
cx: 0 -> 258
cx: 0 -> 257
cx: 0 -> 256
cx: 0 -> 255
cx: 0 -> 254
cx: 0 -> 253
cx: 0 -> 252
cx: 0 -> 251
cx: 0 -> 250
cx: 0 -> 249
cx: 0 -> 248
cx: 0 -> 247
cx: 0 -> 246
cx: 0 -> 245
cx: 0 -> 244
cx: 0 -> 243
cx: 0 -> 242
cx: 0 -> 241
cx: 0 -> 240
cx: 0 -> 239
cx: 0 -> 238
cx: 0 -> 237
cx: 0 -> 236
cx: 0 -> 235
cx: 0 -> 234
cx: 0 -> 233
cx: 0 -> 232
cx: 0 -> 231
cx: 0 -> 230
cx: 0 -> 229
cx: 0 -> 228
cx: 0 -> 227
cx: 0 -> 226
cx: 0 -> 225
cx: 0 -> 224
cx: 0 -> 223
cx: 0 -> 222
cx: 0 -> 221
cx: 0 -> 220
cx: 0 -> 219
cx: 0 -> 218
cx: 0 -> 217
cx: 0 -> 216
cx: 0 -> 215
cx: 0 -> 214
cx: 0 -> 213
cx: 0 -> 212
cx: 0 -> 211
cx: 0 -> 210
cx: 0 -> 209
cx: 0 -> 208
cx: 0 -> 207
cx: 0 -> 206
cx: 0 -> 205
cx: 0 -> 204
cx: 0 -> 203
cx: 0 -> 202
cx: 0 -> 201
cx: 0 -> 200
cx: 0 -> 199
cx: 0 -> 198
cx: 0 -> 197
cx: 0 -> 196
cx: 0 -> 195
cx: 0 -> 194
cx: 0 -> 193
cx: 0 -> 192
cx: 0 -> 191
cx: 0 -> 190
cx: 0 -> 189
cx: 0 -> 188
cx: 0 -> 187
cx: 0 -> 186
cx: 0 -> 185
cx: 0 -> 184
cx: 0 -> 183
cx: 0 -> 182
cx: 0 -> 181
cx: 0 -> 180
cx: 0 -> 179
cx: 0 -> 178
cx: 0 -> 177
cx: 0 -> 176
cx: 0 -> 175
cx: 0 -> 174
cx: 0 -> 173
cx: 0 -> 172
cx: 0 -> 171
cx: 0 -> 170
cx: 0 -> 169
cx: 0 -> 168
cx: 0 -> 167
cx: 0 -> 166
cx: 0 -> 165
cx: 0 -> 164
cx: 0 -> 163
cx: 0 -> 162
cx: 0 -> 161
cx: 0 -> 160
cx: 0 -> 159
cx: 0 -> 158
cx: 0 -> 157
cx: 0 -> 156
cx: 0 -> 155
cx: 0 -> 154
cx: 0 -> 153
cx: 0 -> 152
cx: 0 -> 151
cx: 0 -> 150
cx: 0 -> 149
cx: 0 -> 148
cx: 0 -> 147
cx: 0 -> 146
cx: 0 -> 145
cx: 0 -> 144
cx: 0 -> 143
cx: 0 -> 142
cx: 0 -> 141
cx: 0 -> 140
cx: 0 -> 139
cx: 0 -> 138
cx: 0 -> 137
cx: 0 -> 136
cx: 0 -> 135
cx: 0 -> 134
cx: 0 -> 133
cx: 0 -> 132
cx: 0 -> 131
cx: 0 -> 130
cx: 0 -> 129
cx: 0 -> 128
cx: 0 -> 127
cx: 0 -> 126
cx: 0 -> 125
cx: 0 -> 124
cx: 0 -> 123
cx: 0 -> 122
cx: 0 -> 121
cx: 0 -> 120
cx: 0 -> 119
cx: 0 -> 118
cx: 0 -> 117
cx: 0 -> 116
cx: 0 -> 115
cx: 0 -> 114
cx: 0 -> 113
cx: 0 -> 112
cx: 0 -> 111
cx: 0 -> 110
cx: 0 -> 109
cx: 0 -> 108
cx: 0 -> 107
cx: 0 -> 106
cx: 0 -> 105
cx: 0 -> 104
cx: 0 -> 103
cx: 0 -> 102
cx: 0 -> 101
cx: 0 -> 100
cx: 0 -> 99
cx: 0 -> 98
cx: 0 -> 97
cx: 0 -> 96
cx: 0 -> 95
cx: 0 -> 94
cx: 0 -> 93
cx: 0 -> 92
cx: 0 -> 91
cx: 0 -> 90
cx: 0 -> 89
cx: 0 -> 88
cx: 0 -> 87
cx: 0 -> 86
cx: 0 -> 85
cx: 0 -> 84
cx: 0 -> 83
cx: 0 -> 82
cx: 0 -> 81
cx: 0 -> 80
cx: 0 -> 79
cx: 0 -> 78
cx: 0 -> 77
cx: 0 -> 76
cx: 0 -> 75
cx: 0 -> 74
cx: 0 -> 73
cx: 0 -> 72
cx: 0 -> 71
cx: 0 -> 70
cx: 0 -> 69
cx: 0 -> 68
cx: 0 -> 67
cx: 0 -> 66
cx: 0 -> 65
cx: 0 -> 64
cx: 0 -> 63
cx: 0 -> 62
cx: 0 -> 61
cx: 0 -> 60
cx: 0 -> 59
cx: 0 -> 58
cx: 0 -> 57
cx: 0 -> 56
cx: 0 -> 55
cx: 0 -> 54
cx: 0 -> 53
cx: 0 -> 52
cx: 0 -> 51
cx: 0 -> 50
cx: 0 -> 49
cx: 0 -> 48
cx: 0 -> 47
cx: 0 -> 46
cx: 0 -> 45
cx: 0 -> 44
cx: 0 -> 43
cx: 0 -> 42
cx: 0 -> 41
cx: 0 -> 40
cx: 0 -> 39
cx: 0 -> 38
cx: 0 -> 37
cx: 0 -> 36
cx: 0 -> 35
cx: 0 -> 34
cx: 0 -> 33
cx: 0 -> 32
cx: 0 -> 31
cx: 0 -> 30
cx: 0 -> 29
cx: 0 -> 28
cx: 0 -> 27
cx: 0 -> 26
cx: 0 -> 25
cx: 0 -> 24
cx: 0 -> 23
cx: 0 -> 22
cx: 0 -> 21
cx: 0 -> 20
cx: 0 -> 19
cx: 0 -> 18
cx: 0 -> 17
cx: 0 -> 16
cx: 0 -> 15
cx: 0 -> 14
cx: 0 -> 13
cx: 0 -> 12
cx: 0 -> 11
cx: 0 -> 10
cx: 0 -> 9
cx: 0 -> 8
cx: 0 -> 7
cx: 0 -> 6
cx: 0 -> 5
cx: 0 -> 4
cx: 0 -> 3
cx: 0 -> 2
cx: 0 -> 1
cx: 0 -> 0
cx: 0 -> 0
cx: 0 -> 0
cx: 0 -> 0
cx: 0 -> 0
cx: 0 -> 0
cx: 0 -> 0
cx: 0 -> 0
cx: 0 -> 0
cx: 0 -> 0
cx: 0 -> 0
cx: 0 -> 0
cx: 0 -> 0
cx: 0 -> 0
cx: 0 -> 0
cx: 0 -> 0
cx: 0 -> 0
cx: 0 -> 0
cx: 0 -> 0
cx: 0 -> 0
cx: 0 -> 0
cx: 0 -> 0
cx: 0 -> 0
cx: 0 -> 0
cx: 0 -> 0
cx: 0 -> 0
cx: 0 -> 0
cx: 0 -> 0
cx: 0 -> 0
cx: 0 -> 0
cx: 0 -> 0
cx: 0 -> 0
cx: 0 -> 0
cx: 0 -> 0
cx: 0 -> 0
cx: 0 -> 0
cx: 0 -> 0
cx: 0 -> 0
cx: 0 -> 0
cx: 0 -> 0
cx: 0 -> 0
cx: 0 -> 0
cx: 0 -> 0
cx: 0 -> 0
cx: 0 -> 0
cx: 0 -> 0
cx: 0 -> 0
cx: 0 -> 0
cx: 0 -> 1
cx: 0 -> 2
cx: 0 -> 3
cx: 0 -> 4
cx: 0 -> 5
cx: 0 -> 6
cx: 0 -> 7
cx: 0 -> 8
cx: 0 -> 9
cx: 0 -> 10
cx: 0 -> 11
cx: 0 -> 12
cx: 0 -> 13
cx: 0 -> 14
cx: 0 -> 15
cx: 0 -> 16
cx: 0 -> 17
cx: 0 -> 18
cx: 0 -> 19
cx: 0 -> 20
cx: 0 -> 21
cx: 0 -> 22
cx: 0 -> 23
cx: 0 -> 24
cx: 0 -> 25
cx: 0 -> 26
cx: 0 -> 27
cx: 0 -> 28
cx: 0 -> 29
cx: 0 -> 30
cx: 0 -> 31
cx: 0 -> 32
cx: 0 -> 33
cx: 0 -> 34
cx: 0 -> 35
cx: 0 -> 36
cx: 0 -> 37
cx: 0 -> 38
cx: 0 -> 39
cx: 0 -> 40
cx: 0 -> 41
cx: 0 -> 42
cx: 0 -> 43
cx: 0 -> 44
cx: 0 -> 45
cx: 0 -> 46
cx: 0 -> 47
cx: 0 -> 48
cx: 0 -> 49
cx: 0 -> 50
cx: 0 -> 51
cx: 0 -> 52
cx: 0 -> 53
cx: 0 -> 54
cx: 0 -> 55
cx: 0 -> 56
cx: 0 -> 57
cx: 0 -> 58
cx: 0 -> 59
cx: 0 -> 60
cx: 0 -> 61
cx: 0 -> 62
cx: 0 -> 63
cx: 0 -> 64
cx: 0 -> 65
cx: 0 -> 66
cx: 0 -> 67
cx: 0 -> 68
cx: 0 -> 69
cx: 0 -> 70
cx: 0 -> 71
cx: 0 -> 72
cx: 0 -> 73
cx: 0 -> 74
cx: 0 -> 75
cx: 0 -> 76
cx: 0 -> 77
cx: 0 -> 78
cx: 0 -> 79
cx: 0 -> 80
cx: 0 -> 81
cx: 0 -> 82
cx: 0 -> 83
cx: 0 -> 84
cx: 0 -> 85
cx: 0 -> 86
cx: 0 -> 87
cx: 0 -> 88
cx: 0 -> 89
cx: 0 -> 90
cx: 0 -> 91
cx: 0 -> 92
cx: 0 -> 93
cx: 0 -> 94
cx: 0 -> 95
cx: 0 -> 96
cx: 0 -> 97
cx: 0 -> 98
cx: 0 -> 99
cx: 0 -> 100
cx: 0 -> 101
cx: 0 -> 102
cx: 0 -> 103
cx: 0 -> 104
cx: 0 -> 105
cx: 0 -> 106
cx: 0 -> 107
cx: 0 -> 108
cx: 0 -> 109
cx: 0 -> 110
cx: 0 -> 111
cx: 0 -> 112
cx: 0 -> 113
cx: 0 -> 114
cx: 0 -> 115
cx: 0 -> 116
cx: 0 -> 117
cx: 0 -> 118
cx: 0 -> 119
cx: 0 -> 120
cx: 0 -> 121
cx: 0 -> 122
cx: 0 -> 123
cx: 0 -> 124
cx: 0 -> 125
cx: 0 -> 126
cx: 0 -> 127
cx: 0 -> 128
cx: 0 -> 129
cx: 0 -> 130
cx: 0 -> 131
cx: 0 -> 132
cx: 0 -> 133
cx: 0 -> 134
cx: 0 -> 135
cx: 0 -> 136
cx: 0 -> 137
cx: 0 -> 138
cx: 0 -> 139
cx: 0 -> 140
cx: 0 -> 141
cx: 0 -> 142
cx: 0 -> 143
cx: 0 -> 144
cx: 0 -> 145
cx: 0 -> 146
cx: 0 -> 147
cx: 0 -> 148
cx: 0 -> 149
cx: 0 -> 150
cx: 0 -> 151
cx: 0 -> 152
cx: 0 -> 153
cx: 0 -> 154
cx: 0 -> 155
cx: 0 -> 156
cx: 0 -> 157
cx: 0 -> 158
cx: 0 -> 159
cx: 0 -> 160
cx: 0 -> 161
cx: 0 -> 162
cx: 0 -> 163
cx: 0 -> 164
cx: 0 -> 165
cx: 0 -> 166
cx: 0 -> 167
cx: 0 -> 168
cx: 0 -> 169
cx: 0 -> 170
cx: 0 -> 171
cx: 0 -> 172
cx: 0 -> 173
cx: 0 -> 174
cx: 0 -> 175
cx: 0 -> 176
cx: 0 -> 177
cx: 0 -> 178
cx: 0 -> 179
cx: 0 -> 180
cx: 0 -> 181
cx: 0 -> 182
cx: 0 -> 183
cx: 0 -> 184
cx: 0 -> 185
cx: 0 -> 186
cx: 0 -> 187
cx: 0 -> 188
cx: 0 -> 189
cx: 0 -> 190
cx: 0 -> 191
cx: 0 -> 192
cx: 0 -> 193
cx: 0 -> 194
cx: 0 -> 195
cx: 0 -> 196
cx: 0 -> 197
cx: 0 -> 198
cx: 0 -> 199
cx: 0 -> 200
cx: 0 -> 201
cx: 0 -> 202
cx: 0 -> 203
cx: 0 -> 204
cx: 0 -> 205
cx: 0 -> 206
cx: 0 -> 207
cx: 0 -> 208
cx: 0 -> 209
cx: 0 -> 210
cx: 0 -> 211
cx: 0 -> 212
cx: 0 -> 213
cx: 0 -> 214
cx: 0 -> 215
cx: 0 -> 216
cx: 0 -> 217
cx: 0 -> 218
cx: 0 -> 219
cx: 0 -> 220
cx: 0 -> 221
cx: 0 -> 222
cx: 0 -> 223
cx: 0 -> 224
cx: 0 -> 225
cx: 0 -> 226
cx: 0 -> 227
cx: 0 -> 228
cx: 0 -> 229
cx: 0 -> 230
cx: 0 -> 231
cx: 0 -> 232
cx: 0 -> 233
cx: 0 -> 234
cx: 0 -> 235
cx: 0 -> 236
cx: 0 -> 237
cx: 0 -> 238
cx: 0 -> 239
cx: 0 -> 240
cx: 0 -> 241
cx: 0 -> 242
cx: 0 -> 243
cx: 0 -> 244
cx: 0 -> 245
cx: 0 -> 246
cx: 0 -> 247
cx: 0 -> 248
cx: 0 -> 249
cx: 0 -> 250
cx: 0 -> 251
cx: 0 -> 252
cx: 0 -> 253
cx: 0 -> 254
cx: 0 -> 255
cx: 0 -> 256
cx: 0 -> 257
cx: 0 -> 258
cx: 0 -> 259
cx: 0 -> 260
cx: 0 -> 261
cx: 0 -> 262
cx: 0 -> 263
cx: 0 -> 264
cx: 0 -> 265
cx: 0 -> 266
cx: 0 -> 266
cx: 0 -> 266
cx: 0 -> 266
cx: 0 -> 266
cx: 0 -> 266
cx: 0 -> 266
cx: 0 -> 266
cx: 0 -> 266
cx: 0 -> 266
cx: 0 -> 266
cx: 0 -> 266
cx: 0 -> 266
cx: 0 -> 266
cx: 0 -> 266
cx: 0 -> 266
cx: 0 -> 266
cx: 0 -> 266
cx: 0 -> 266
cx: 0 -> 266
cx: 0 -> 266
cx: 0 -> 266
cx: 0 -> 266
cx: 0 -> 266
cx: 0 -> 266
cx: 0 -> 266
cx: 0 -> 266
cx: 0 -> 266
cx: 0 -> 266
cx: 0 -> 266
cx: 0 -> 266
cx: 0 -> 266
cx: 0 -> 266
cx: 0 -> 266
cx: 0 -> 266
cx: 0 -> 266
cx: 0 -> 266
cx: 0 -> 266
cx: 0 -> 266
cx: 0 -> 266
cx: 0 -> 266
cx: 0 -> 266
cx: 0 -> 266
cx: 0 -> 266
cx: 0 -> 266
cx: 0 -> 266
cx: 0 -> 266
cx: 0 -> 266
cx: 0 -> 266
cx: 0 -> 266
cx: 0 -> 266
cx: 0 -> 266
cx: 0 -> 266
cx: 0 -> 266
cx: 0 -> 266
cx: 0 -> 266
cx: 0 -> 266
cx: 0 -> 266
cx: 0 -> 266
cx: 0 -> 266
cx: 0 -> 266
cx: 0 -> 266
cx: 0 -> 266
cx: 0 -> 266
cx: 0 -> 266
cx: 0 -> 266
cx: 0 -> 266
cx: 0 -> 266
cx: 0 -> 266
cx: 0 -> 266
cx: 0 -> 266
cx: 0 -> 266
cx: 0 -> 266
cx: 0 -> 266
cx: 0 -> 266
cx: 0 -> 266
cx: 0 -> 266
cx: 0 -> 266
cx: 0 -> 266
cx: 0 -> 266
cx: 0 -> 266
cx: 0 -> 266
cx: 0 -> 266
cx: 0 -> 266
cx: 0 -> 266
cx: 0 -> 266
cx: 0 -> 266
cx: 0 -> 266
cx: 0 -> 266
cx: 0 -> 266
cx: 0 -> 266
cx: 0 -> 266
cx: 0 -> 266
cx: 0 -> 266
cx: 0 -> 266
cx: 0 -> 266
cx: 0 -> 266
cx: 0 -> 266
cx: 0 -> 266
cx: 0 -> 266
cx: 0 -> 266
cx: 0 -> 265
cx: 0 -> 264
cx: 0 -> 263
cx: 0 -> 262
cx: 0 -> 261
cx: 0 -> 260
cx: 0 -> 259
cx: 0 -> 258
cx: 0 -> 257
cx: 0 -> 256
cx: 0 -> 255
cx: 0 -> 254
cx: 0 -> 253
cx: 0 -> 252
cx: 0 -> 251
cx: 0 -> 250
cx: 0 -> 249
cx: 0 -> 248
cx: 0 -> 247
cx: 0 -> 246
cx: 0 -> 245
cx: 0 -> 244
cx: 0 -> 243
cx: 0 -> 242
cx: 0 -> 241
cx: 0 -> 240
cx: 0 -> 239
cx: 0 -> 238
cx: 0 -> 237
cx: 0 -> 236
cx: 0 -> 235
cx: 0 -> 234
cx: 0 -> 233
cx: 0 -> 232
cx: 0 -> 231
cx: 0 -> 230
cx: 0 -> 229
cx: 0 -> 228
cx: 0 -> 227
cx: 0 -> 226
cx: 0 -> 225
cx: 0 -> 224
cx: 0 -> 223
cx: 0 -> 222
cx: 0 -> 221
cx: 0 -> 220
cx: 0 -> 219
cx: 0 -> 218
cx: 0 -> 217
cx: 0 -> 216
cx: 0 -> 215
cx: 0 -> 214
cx: 0 -> 213
cx: 0 -> 212
cx: 0 -> 211
cx: 0 -> 210
cx: 0 -> 209
cx: 0 -> 208
cx: 0 -> 207
cx: 0 -> 206
cx: 0 -> 205
cx: 0 -> 204
cx: 0 -> 203
cx: 0 -> 202
cx: 0 -> 201
cx: 0 -> 200
cx: 0 -> 199
cx: 0 -> 198
cx: 0 -> 197
cx: 0 -> 196
cx: 0 -> 195
cx: 0 -> 194
cx: 0 -> 193
cx: 0 -> 192
cx: 0 -> 191
cx: 0 -> 190
cx: 0 -> 189
cx: 0 -> 188
cx: 0 -> 187
cx: 0 -> 186
cx: 0 -> 185
cx: 0 -> 184
cx: 0 -> 183
cx: 0 -> 182
cx: 0 -> 181
cx: 0 -> 180
cx: 0 -> 179
cx: 0 -> 178
cx: 0 -> 177
cx: 0 -> 176
cx: 0 -> 175
cx: 0 -> 174
cx: 0 -> 173
cx: 0 -> 172
cx: 0 -> 171
cx: 0 -> 170
cx: 0 -> 169
cx: 0 -> 168
cx: 0 -> 167
cx: 0 -> 166
cx: 0 -> 165
cx: 0 -> 164
cx: 0 -> 163
cx: 0 -> 162
cx: 0 -> 161
cx: 0 -> 160
cx: 0 -> 159
cx: 0 -> 158
cx: 0 -> 157
cx: 0 -> 156
cx: 0 -> 155
cx: 0 -> 154
cx: 0 -> 153
cx: 0 -> 152
cx: 0 -> 151
cx: 0 -> 150
cx: 0 -> 149
cx: 0 -> 148
cx: 0 -> 147
cx: 0 -> 146
cx: 0 -> 145
cx: 0 -> 144
cx: 0 -> 143
cx: 0 -> 142
cx: 0 -> 141
cx: 0 -> 140
cx: 0 -> 139
cx: 0 -> 138
cx: 0 -> 137
cx: 0 -> 136
cx: 0 -> 135
cx: 0 -> 134
cx: 0 -> 133
cx: 0 -> 132
cx: 0 -> 131
cx: 0 -> 130
cx: 0 -> 129
cx: 0 -> 128
cx: 0 -> 127
cx: 0 -> 126
cx: 0 -> 125
cx: 0 -> 124
cx: 0 -> 123
cx: 0 -> 122
cx: 0 -> 121
cx: 0 -> 120
cx: 0 -> 119
cx: 0 -> 118
cx: 0 -> 117
cx: 0 -> 116
cx: 0 -> 115
cx: 0 -> 114
cx: 0 -> 113
cx: 0 -> 112
cx: 0 -> 111
cx: 0 -> 110
cx: 0 -> 109
cx: 0 -> 108
cx: 0 -> 107
cx: 0 -> 106
cx: 0 -> 105
cx: 0 -> 104
cx: 0 -> 103
cx: 0 -> 102
cx: 0 -> 101
cx: 0 -> 100
cx: 0 -> 99
cx: 0 -> 98
cx: 0 -> 97
cx: 0 -> 96
cx: 0 -> 95
cx: 0 -> 94
cx: 0 -> 93
cx: 0 -> 92
cx: 0 -> 91
cx: 0 -> 90
cx: 0 -> 89
cx: 0 -> 88
cx: 0 -> 87
cx: 0 -> 86
cx: 0 -> 85
cx: 0 -> 84
cx: 0 -> 83
cx: 0 -> 82
cx: 0 -> 81
cx: 0 -> 80
cx: 0 -> 79
cx: 0 -> 78
cx: 0 -> 77
cx: 0 -> 76
cx: 0 -> 75
cx: 0 -> 74
cx: 0 -> 73
cx: 0 -> 72
cx: 0 -> 71
cx: 0 -> 70
cx: 0 -> 69
cx: 0 -> 68
cx: 0 -> 67
cx: 0 -> 66
cx: 0 -> 65
cx: 0 -> 64
cx: 0 -> 63
cx: 0 -> 62
cx: 0 -> 61
cx: 0 -> 60
cx: 0 -> 59
cx: 0 -> 58
cx: 0 -> 57
cx: 0 -> 56
cx: 0 -> 55
cx: 0 -> 54
cx: 0 -> 53
cx: 0 -> 52
cx: 0 -> 51
cx: 0 -> 50
cx: 0 -> 49
cx: 0 -> 48
cx: 0 -> 47
cx: 0 -> 46
cx: 0 -> 45
cx: 0 -> 44
cx: 0 -> 43
cx: 0 -> 42
cx: 0 -> 41
cx: 0 -> 40
cx: 0 -> 39
cx: 0 -> 38
cx: 0 -> 37
cx: 0 -> 36
cx: 0 -> 35
cx: 0 -> 34
cx: 0 -> 33
cx: 0 -> 32
cx: 0 -> 31
cx: 0 -> 30
cx: 0 -> 29
cx: 0 -> 28
cx: 0 -> 27
cx: 0 -> 26
cx: 0 -> 25
cx: 0 -> 24
cx: 0 -> 23
cx: 0 -> 22
cx: 0 -> 21
cx: 0 -> 20
cx: 0 -> 19
cx: 0 -> 18
cx: 0 -> 17
cx: 0 -> 16
cx: 0 -> 15
cx: 0 -> 14
cx: 0 -> 13
cx: 0 -> 12
cx: 0 -> 11
cx: 0 -> 11
cx: 0 -> 11
cx: 0 -> 11
cx: 0 -> 11
cx: 0 -> 11
cx: 0 -> 11
cx: 0 -> 11
cx: 0 -> 11
cx: 0 -> 11
cx: 0 -> 11
cx: 0 -> 11
cx: 0 -> 11
cx: 0 -> 11
cx: 0 -> 11
cx: 0 -> 11
cx: 0 -> 11
cx: 0 -> 11
cx: 0 -> 11
cx: 0 -> 11
cx: 0 -> 11
cx: 0 -> 11
cx: 0 -> 11
cx: 0 -> 11
cx: 0 -> 11
cx: 0 -> 11
cx: 0 -> 11
cx: 0 -> 11
cx: 0 -> 11
cx: 0 -> 11
cx: 0 -> 12
cx: 0 -> 13
cx: 0 -> 14
cx: 0 -> 15
cx: 0 -> 16
cx: 0 -> 17
cx: 0 -> 18
cx: 0 -> 19
cx: 0 -> 20
cx: 0 -> 21
cx: 0 -> 22
cx: 0 -> 23
cx: 0 -> 24
cx: 0 -> 25
cx: 0 -> 26
cx: 0 -> 27
cx: 0 -> 28
cx: 0 -> 29
cx: 0 -> 30
cx: 0 -> 31
cx: 0 -> 32
cx: 0 -> 33
cx: 0 -> 34
cx: 0 -> 35
cx: 0 -> 36
cx: 0 -> 37
cx: 0 -> 38
cx: 0 -> 39
cx: 0 -> 40
cx: 0 -> 41
cx: 0 -> 42
cx: 0 -> 43
cx: 0 -> 44
cx: 0 -> 45
cx: 0 -> 46
cx: 0 -> 47
cx: 0 -> 48
cx: 0 -> 49
cx: 0 -> 50
cx: 0 -> 51
cx: 0 -> 52
cx: 0 -> 53
cx: 0 -> 54
cx: 0 -> 55
cx: 0 -> 56
cx: 0 -> 57
cx: 0 -> 58
cx: 0 -> 59
cx: 0 -> 60
cx: 0 -> 61
cx: 0 -> 62
cx: 0 -> 63
cx: 0 -> 64
cx: 0 -> 65
cx: 0 -> 66
cx: 0 -> 67
cx: 0 -> 68
cx: 0 -> 69
cx: 0 -> 70
cx: 0 -> 71
cx: 0 -> 72
cx: 0 -> 73
cx: 0 -> 74
cx: 0 -> 75
cx: 0 -> 76
cx: 0 -> 77
cx: 0 -> 78
cx: 0 -> 79
cx: 0 -> 80
cx: 0 -> 81
cx: 0 -> 82
cx: 0 -> 83
cx: 0 -> 84
cx: 0 -> 85
cx: 0 -> 86
cx: 0 -> 87
cx: 0 -> 88
cx: 0 -> 89
cx: 0 -> 90
cx: 0 -> 91
cx: 0 -> 92
cx: 0 -> 93
cx: 0 -> 94
cx: 0 -> 95
cx: 0 -> 96
cx: 0 -> 97
cx: 0 -> 98
cx: 0 -> 99
cx: 0 -> 100
cx: 0 -> 101
cx: 0 -> 102
cx: 0 -> 103
cx: 0 -> 104
cx: 0 -> 105
cx: 0 -> 106
cx: 0 -> 107
cx: 0 -> 108
cx: 0 -> 109
cx: 0 -> 110
cx: 0 -> 111
cx: 0 -> 112
cx: 0 -> 113
cx: 0 -> 114
cx: 0 -> 115
cx: 0 -> 116
cx: 0 -> 117
cx: 0 -> 118
cx: 0 -> 119
cx: 0 -> 120
cx: 0 -> 121
cx: 0 -> 122
cx: 0 -> 123
cx: 0 -> 124
cx: 0 -> 125
cx: 0 -> 126
cx: 0 -> 127
cx: 0 -> 128
cx: 0 -> 129
cx: 0 -> 130
cx: 0 -> 131
cx: 0 -> 132
cx: 0 -> 133
cx: 0 -> 134
cx: 0 -> 135
cx: 0 -> 136
cx: 0 -> 137
cx: 0 -> 138
cx: 0 -> 139
cx: 0 -> 140
cx: 0 -> 141
cx: 0 -> 142
cx: 0 -> 143
cx: 0 -> 144
cx: 0 -> 145
cx: 0 -> 146
cx: 0 -> 147
cx: 0 -> 148
cx: 0 -> 149
cx: 0 -> 150
cx: 0 -> 151
cx: 0 -> 152
cx: 0 -> 153
cx: 0 -> 154
cx: 0 -> 155
cx: 0 -> 156
cx: 0 -> 157
cx: 0 -> 158
cx: 0 -> 159
cx: 0 -> 160
cx: 0 -> 161
cx: 0 -> 162
cx: 0 -> 163
cx: 0 -> 164
cx: 0 -> 165
cx: 0 -> 166
cx: 0 -> 167
cx: 0 -> 168
cx: 0 -> 169
cx: 0 -> 170
cx: 0 -> 171
cx: 0 -> 172
cx: 0 -> 173
cx: 0 -> 174
cx: 0 -> 175
cx: 0 -> 176
cx: 0 -> 177
cx: 0 -> 178
cx: 0 -> 179
cx: 0 -> 180
cx: 0 -> 181
cx: 0 -> 182
cx: 0 -> 183
cx: 0 -> 184
cx: 0 -> 185
cx: 0 -> 186
cx: 0 -> 187
cx: 0 -> 188
cx: 0 -> 189
cx: 0 -> 190
cx: 0 -> 191
cx: 0 -> 192
cx: 0 -> 193
cx: 0 -> 194
cx: 0 -> 195
cx: 0 -> 196
cx: 0 -> 197
cx: 0 -> 198
cx: 0 -> 199
cx: 0 -> 200
cx: 0 -> 201
cx: 0 -> 202
cx: 0 -> 203
cx: 0 -> 204
cx: 0 -> 205
cx: 0 -> 206
cx: 0 -> 207
cx: 0 -> 208
cx: 0 -> 209
cx: 0 -> 210
cx: 0 -> 211
cx: 0 -> 212
cx: 0 -> 213
cx: 0 -> 214
cx: 0 -> 215
cx: 0 -> 216
cx: 0 -> 217
cx: 0 -> 218
cx: 0 -> 219
cx: 0 -> 220
cx: 0 -> 221
cx: 0 -> 222
cx: 0 -> 223
cx: 0 -> 224
cx: 0 -> 225
cx: 0 -> 226
cx: 0 -> 227
cx: 0 -> 228
cx: 0 -> 229
cx: 0 -> 230
cx: 0 -> 231
cx: 0 -> 232
cx: 0 -> 233
cx: 0 -> 234
cx: 0 -> 235
cx: 0 -> 236
cx: 0 -> 237
cx: 0 -> 238
cx: 0 -> 239
cx: 0 -> 240
cx: 0 -> 241
cx: 0 -> 242
cx: 0 -> 243
cx: 0 -> 244
cx: 0 -> 245
cx: 0 -> 246
cx: 0 -> 247
cx: 0 -> 248
cx: 0 -> 249
cx: 0 -> 250
cx: 0 -> 251
cx: 0 -> 252
cx: 0 -> 253
cx: 0 -> 254
cx: 0 -> 255
cx: 0 -> 256
cx: 0 -> 257
cx: 0 -> 258
cx: 0 -> 259
cx: 0 -> 260
cx: 0 -> 261
cx: 0 -> 262
cx: 0 -> 263
cx: 0 -> 264
cx: 0 -> 265
cx: 0 -> 266
cx: 0 -> 266
cx: 0 -> 266
cx: 0 -> 266
cx: 0 -> 266
cx: 0 -> 266
cx: 0 -> 266
cx: 0 -> 266
cx: 0 -> 266
cx: 0 -> 266
cx: 0 -> 266
cx: 0 -> 266
cx: 0 -> 266
cx: 0 -> 266
cx: 0 -> 266
cx: 0 -> 266
cx: 0 -> 266
cx: 0 -> 266
cx: 0 -> 266
cx: 0 -> 266
cx: 0 -> 266
cx: 0 -> 266
cx: 0 -> 266
cx: 0 -> 266
cx: 0 -> 266
cx: 0 -> 266
cx: 0 -> 266
cx: 0 -> 266
cx: 0 -> 266
cx: 0 -> 266
cx: 0 -> 266
cx: 0 -> 266
cx: 0 -> 266
cx: 0 -> 266
cx: 0 -> 266
cx: 0 -> 266
cx: 0 -> 266
cx: 0 -> 266
cx: 0 -> 266
cx: 0 -> 266
cx: 0 -> 266
cx: 0 -> 266
cx: 0 -> 266
cx: 0 -> 266
cx: 0 -> 266
cx: 0 -> 266
cx: 0 -> 266
cx: 0 -> 266
cx: 0 -> 266
cx: 0 -> 266
cx: 0 -> 266
cx: 0 -> 266
cx: 0 -> 266
cx: 0 -> 266
cx: 0 -> 266
cx: 0 -> 266
cx: 0 -> 266
cx: 0 -> 266
cx: 0 -> 266
cx: 0 -> 266
cx: 0 -> 266
cx: 0 -> 266
cx: 0 -> 266
cx: 0 -> 265
cx: 0 -> 264
cx: 0 -> 263
cx: 0 -> 262
cx: 0 -> 261
cx: 0 -> 260
cx: 0 -> 259
cx: 0 -> 258
cx: 0 -> 257
cx: 0 -> 256
cx: 0 -> 255
cx: 0 -> 254
cx: 0 -> 253
cx: 0 -> 252
cx: 0 -> 251
cx: 0 -> 250
cx: 0 -> 249
cx: 0 -> 248
cx: 0 -> 247
cx: 0 -> 246
cx: 0 -> 245
cx: 0 -> 244
cx: 0 -> 243
cx: 0 -> 242
cx: 0 -> 241
cx: 0 -> 240
cx: 0 -> 239
cx: 0 -> 238
cx: 0 -> 237
cx: 0 -> 236
cx: 0 -> 235
cx: 0 -> 234
cx: 0 -> 233
cx: 0 -> 232
cx: 0 -> 231
cx: 0 -> 230
cx: 0 -> 229
cx: 0 -> 228
cx: 0 -> 227
cx: 0 -> 226
cx: 0 -> 225
cx: 0 -> 224
cx: 0 -> 223
cx: 0 -> 222
cx: 0 -> 221
cx: 0 -> 220
cx: 0 -> 219
cx: 0 -> 218
cx: 0 -> 217
cx: 0 -> 216
cx: 0 -> 215
cx: 0 -> 214
cx: 0 -> 213
cx: 0 -> 212
cx: 0 -> 211
cx: 0 -> 210
cx: 0 -> 209
cx: 0 -> 208
cx: 0 -> 207
cx: 0 -> 206
cx: 0 -> 205
cx: 0 -> 204
cx: 0 -> 203
cx: 0 -> 202
cx: 0 -> 201
cx: 0 -> 200
cx: 0 -> 199
cx: 0 -> 198
cx: 0 -> 197
cx: 0 -> 196
cx: 0 -> 195
cx: 0 -> 194
cx: 0 -> 193
cx: 0 -> 192
cx: 0 -> 191
cx: 0 -> 190
cx: 0 -> 189
cx: 0 -> 188
cx: 0 -> 187
cx: 0 -> 186
cx: 0 -> 185
cx: 0 -> 184
cx: 0 -> 183
cx: 0 -> 182
cx: 0 -> 181
cx: 0 -> 180
cx: 0 -> 179
cx: 0 -> 178
cx: 0 -> 177
cx: 0 -> 176
cx: 0 -> 175
cx: 0 -> 174
cx: 0 -> 173
cx: 0 -> 172
cx: 0 -> 171
cx: 0 -> 170
cx: 0 -> 169
cx: 0 -> 168
cx: 0 -> 167
cx: 0 -> 166
cx: 0 -> 165
cx: 0 -> 164
cx: 0 -> 163
cx: 0 -> 162
cx: 0 -> 161
cx: 0 -> 160
cx: 0 -> 159
cx: 0 -> 158
cx: 0 -> 157
cx: 0 -> 156
cx: 0 -> 155
cx: 0 -> 154
cx: 0 -> 153
cx: 0 -> 152
cx: 0 -> 151
cx: 0 -> 150
cx: 0 -> 149
cx: 0 -> 148
cx: 0 -> 147
cx: 0 -> 146
cx: 0 -> 145
cx: 0 -> 144
cx: 0 -> 143
cx: 0 -> 142
cx: 0 -> 141
cx: 0 -> 140
cx: 0 -> 139
cx: 0 -> 138
cx: 0 -> 137
cx: 0 -> 136
cx: 0 -> 135
cx: 0 -> 134
cx: 0 -> 133
cx: 0 -> 132
cx: 0 -> 131
cx: 0 -> 130
cx: 0 -> 129
cx: 0 -> 128
cx: 0 -> 127
cx: 0 -> 126
cx: 0 -> 125
cx: 0 -> 124
cx: 0 -> 123
cx: 0 -> 122
cx: 0 -> 121
cx: 0 -> 120
cx: 0 -> 119
cx: 0 -> 118
cx: 0 -> 117
cx: 0 -> 116
cx: 0 -> 115
cx: 0 -> 114
cx: 0 -> 113
cx: 0 -> 112
cx: 0 -> 111
cx: 0 -> 110
cx: 0 -> 109
cx: 0 -> 108
cx: 0 -> 107
cx: 0 -> 106
cx: 0 -> 105
cx: 0 -> 104
cx: 0 -> 103
cx: 0 -> 102
cx: 0 -> 101
cx: 0 -> 100
cx: 0 -> 99
cx: 0 -> 98
cx: 0 -> 97
cx: 0 -> 96
cx: 0 -> 95
cx: 0 -> 94
cx: 0 -> 93
cx: 0 -> 92
cx: 0 -> 91
cx: 0 -> 90
cx: 0 -> 89
cx: 0 -> 88
cx: 0 -> 87
cx: 0 -> 86
cx: 0 -> 85
cx: 0 -> 84
cx: 0 -> 83
cx: 0 -> 82
cx: 0 -> 81
cx: 0 -> 80
cx: 0 -> 79
cx: 0 -> 78
cx: 0 -> 77
cx: 0 -> 76
cx: 0 -> 75
cx: 0 -> 74
cx: 0 -> 73
cx: 0 -> 72
cx: 0 -> 71
cx: 0 -> 70
cx: 0 -> 69
cx: 0 -> 68
cx: 0 -> 67
cx: 0 -> 66
cx: 0 -> 65
cx: 0 -> 64
cx: 0 -> 63
cx: 0 -> 62
cx: 0 -> 61
cx: 0 -> 60
cx: 0 -> 59
cx: 0 -> 58
cx: 0 -> 57
cx: 0 -> 56
cx: 0 -> 55
cx: 0 -> 54
cx: 0 -> 53
cx: 0 -> 52
cx: 0 -> 51
cx: 0 -> 50
cx: 0 -> 49
cx: 0 -> 48
cx: 0 -> 47
cx: 0 -> 46
cx: 0 -> 45
cx: 0 -> 44
cx: 0 -> 43
cx: 0 -> 42
cx: 0 -> 41
cx: 0 -> 40
cx: 0 -> 39
cx: 0 -> 38
cx: 0 -> 37
cx: 0 -> 36
cx: 0 -> 35
cx: 0 -> 34
cx: 0 -> 33
cx: 0 -> 32
cx: 0 -> 31
cx: 0 -> 30
cx: 0 -> 29
cx: 0 -> 28
cx: 0 -> 27
cx: 0 -> 26
cx: 0 -> 25
cx: 0 -> 24
cx: 0 -> 23
cx: 0 -> 22
cx: 0 -> 21
cx: 0 -> 20
cx: 0 -> 19
cx: 0 -> 18
cx: 0 -> 17
cx: 0 -> 16
cx: 0 -> 15
cx: 0 -> 14
cx: 0 -> 13
cx: 0 -> 12
cx: 0 -> 11
cx: 0 -> 10
cx: 0 -> 9
cx: 0 -> 8
cx: 0 -> 7
cx: 0 -> 6
cx: 0 -> 5
cx: 0 -> 4
cx: 0 -> 3
cx: 0 -> 2
cx: 0 -> 1
cx: 0 -> 0
cx: 0 -> 0
cx: 0 -> 0
cx: 0 -> 0
cx: 0 -> 0
cx: 0 -> 0
cx: 0 -> 0
cx: 0 -> 0
cx: 0 -> 0
cx: 0 -> 0
cx: 0 -> 0
cx: 0 -> 0
cx: 0 -> 0
cx: 0 -> 0
cx: 0 -> 0
cx: 0 -> 0
cx: 0 -> 0
cx: 0 -> 0
cx: 0 -> 0
cx: 0 -> 0
cx: 0 -> 0
cx: 0 -> 0
cx: 0 -> 0
cx: 0 -> 0
cx: 0 -> 0
cx: 0 -> 0
cx: 0 -> 0
cx: 0 -> 0
cx: 0 -> 0
cx: 0 -> 0
cx: 0 -> 0
cx: 0 -> 0
cx: 0 -> 0
cx: 0 -> 0
cx: 0 -> 0
cx: 0 -> 0
cx: 0 -> 0
cx: 0 -> 0
cx: 0 -> 0
cx: 0 -> 0
cx: 0 -> 0
cx: 0 -> 0
cx: 0 -> 0
cx: 0 -> 0
cx: 0 -> 0
cx: 0 -> 0
cx: 0 -> 0
cx: 0 -> 0
cx: 0 -> 0
cx: 0 -> 0
cx: 0 -> 0
cx: 0 -> 0
cx: 0 -> 0
cx: 0 -> 0
cx: 0 -> 0
cx: 0 -> 0
cx: 0 -> 0
cx: 0 -> 0
cx: 0 -> 0
cx: 0 -> 0
cx: 0 -> 0
cx: 0 -> 0
cx: 0 -> 0
cx: 0 -> 0
cx: 0 -> 0
cx: 0 -> 0
cx: 0 -> 0
cx: 0 -> 0
cx: 0 -> 0
cx: 0 -> 0
cx: 0 -> 0
cx: 0 -> 0
cx: 0 -> 0
cx: 0 -> 0
cx: 0 -> 0
cx: 0 -> 0
cx: 0 -> 0
cx: 0 -> 0
cx: 0 -> 0
cx: 0 -> 0
cx: 0 -> 0
cx: 0 -> 0
cx: 0 -> 0
cx: 0 -> 0
cx: 0 -> 0
cx: 0 -> 0
cx: 0 -> 0
cx: 0 -> 0
cx: 0 -> 0
cx: 0 -> 0
cx: 0 -> 0
cx: 0 -> 0
cx: 0 -> 0
cx: 0 -> 0
cx: 0 -> 0
cx: 0 -> 0
cx: 0 -> 0
cx: 0 -> 0
cx: 0 -> 0
cx: 0 -> 0
cx: 0 -> 0
cx: 0 -> 0
cx: 0 -> 0
cx: 0 -> 0
cx: 0 -> 0
cx: 0 -> 0
cx: 0 -> 0
cx: 0 -> 0
cx: 0 -> 0
cx: 0 -> 0
cx: 0 -> 0
cx: 0 -> 0
cx: 0 -> 0
cx: 0 -> 0
cx: 0 -> 0
cx: 0 -> 0
cx: 0 -> 0
cx: 0 -> 0
cx: 0 -> 0
cx: 0 -> 0
cx: 0 -> 0
cx: 0 -> 0
cx: 0 -> 0
cx: 0 -> 0
cx: 0 -> 0
cx: 0 -> 0
cx: 0 -> 0
cx: 0 -> 0
cx: 0 -> 0
cx: 0 -> 0
cx: 0 -> 0
cx: 0 -> 0
cx: 0 -> 0
cx: 0 -> 0
cx: 0 -> 0
cx: 0 -> 0
cx: 0 -> 0
cx: 0 -> 0
cx: 0 -> 0
cx: 0 -> 0
cx: 0 -> 0
cx: 0 -> 0
cx: 0 -> 0
cx: 0 -> 0
cx: 0 -> 0
cx: 0 -> 0
cx: 0 -> 0
cx: 0 -> 0
cx: 0 -> 0
cx: 0 -> 0
cx: 0 -> 0
cx: 0 -> 0
cx: 0 -> 0
cx: 0 -> 0
cx: 0 -> 0
cx: 0 -> 0
